2020/03/05 00:21:49	Instrument is busy
2020/03/05 00:21:49	Instrument is finished
2020/03/05 00:21:50	Ready
2020/03/05 00:21:53	Experiment started
2020/03/05 00:21:53	Starting new step
2020/03/05 00:21:53	Plate 1 temperature = 25 C
2020/03/05 00:21:53	Waiting to pick up sensor location A5
2020/03/05 00:21:53	Picking sensors location A5
2020/03/05 00:22:01	Checking sensors location A5
2020/03/05 00:22:02	Sensor 1: Integration Time = 2.3 ms
2020/03/05 00:22:02	Sensor 2: Integration Time = 2.1 ms
2020/03/05 00:22:02	Sensor 3: Integration Time = 2.5 ms
2020/03/05 00:22:02	Sensor 4: Integration Time = 2.1 ms
2020/03/05 00:22:02	Sensor 5: Integration Time = 2.4 ms
2020/03/05 00:22:02	Sensor 6: Integration Time = 2.1 ms
2020/03/05 00:22:02	Sensor 7: Integration Time = 2.0 ms
2020/03/05 00:22:02	Sensor 8: Integration Time = 2.3 ms
2020/03/05 00:22:09	Picking sensors completed location A5
2020/03/05 00:22:10	Plate 1 temperature = 25 C
2020/03/05 00:22:10	Ready to move to sample location A1
2020/03/05 00:22:10	Moving to sample location A1
2020/03/05 00:22:14	Arrived at sample location A1
2020/03/05 00:22:15	Waiting to start sample location A1
2020/03/05 00:22:15	Processing sample location A1
2020/03/05 00:23:14	Sample completed location A1
2020/03/05 00:23:14	Waiting to start new step
2020/03/05 00:23:15	Starting new step
2020/03/05 00:23:15	Ready to move to sample location A11
2020/03/05 00:23:15	Moving to sample location A11
2020/03/05 00:23:23	Arrived at sample location A11
2020/03/05 00:23:23	Waiting to start sample location A11
2020/03/05 00:23:23	Processing sample location A11
2020/03/05 00:23:28	Sample completed location A11
2020/03/05 00:23:28	Waiting to start new step
2020/03/05 00:23:29	Starting new step
2020/03/05 00:23:29	Ready to move to sample location A12
2020/03/05 00:23:29	Moving to sample location A12
2020/03/05 00:23:39	Arrived at sample location A12
2020/03/05 00:23:39	Waiting to start sample location A12
2020/03/05 00:23:39	Processing sample location A12
2020/03/05 00:23:44	Sample completed location A12
2020/03/05 00:23:44	Waiting to start new step
2020/03/05 00:23:45	Starting new step
2020/03/05 00:23:45	Ready to move to sample location A11
2020/03/05 00:23:45	Moving to sample location A11
2020/03/05 00:23:55	Arrived at sample location A11
2020/03/05 00:23:55	Waiting to start sample location A11
2020/03/05 00:23:55	Processing sample location A11
2020/03/05 00:24:00	Sample completed location A11
2020/03/05 00:24:00	Waiting to start new step
2020/03/05 00:24:00	Starting new step
2020/03/05 00:24:01	Ready to move to sample location A12
2020/03/05 00:24:01	Moving to sample location A12
2020/03/05 00:24:11	Arrived at sample location A12
2020/03/05 00:24:11	Waiting to start sample location A12
2020/03/05 00:24:11	Processing sample location A12
2020/03/05 00:24:15	Sample completed location A12
2020/03/05 00:24:16	Waiting to start new step
2020/03/05 00:24:16	Starting new step
2020/03/05 00:24:16	Ready to move to sample location A11
2020/03/05 00:24:17	Moving to sample location A11
2020/03/05 00:24:27	Arrived at sample location A11
2020/03/05 00:24:27	Waiting to start sample location A11
2020/03/05 00:24:27	Processing sample location A11
2020/03/05 00:24:31	Sample completed location A11
2020/03/05 00:24:32	Waiting to start new step
2020/03/05 00:24:32	Starting new step
2020/03/05 00:24:32	Ready to move to sample location A12
2020/03/05 00:24:33	Moving to sample location A12
2020/03/05 00:24:42	Arrived at sample location A12
2020/03/05 00:24:43	Waiting to start sample location A12
2020/03/05 00:24:43	Processing sample location A12
2020/03/05 00:24:47	Sample completed location A12
2020/03/05 00:24:47	Waiting to start new step
2020/03/05 00:24:48	Starting new step
2020/03/05 00:24:48	Ready to move to sample location A1
2020/03/05 00:24:48	Moving to sample location A1
2020/03/05 00:24:57	Arrived at sample location A1
2020/03/05 00:24:57	Waiting to start sample location A1
2020/03/05 00:24:57	Processing sample location A1
2020/03/05 00:25:57	Sample completed location A1
2020/03/05 00:25:57	Waiting to start new step
2020/03/05 00:25:57	Starting new step
2020/03/05 00:25:57	Ready to move to sample location A2
2020/03/05 00:25:58	Moving to sample location A2
2020/03/05 00:26:02	Arrived at sample location A2
2020/03/05 00:26:02	Waiting to start sample location A2
2020/03/05 00:26:02	Processing sample location A2
2020/03/05 00:31:02	Sample completed location A2
2020/03/05 00:31:02	Waiting to start new step
2020/03/05 00:31:02	Starting new step
2020/03/05 00:31:03	Ready to move to sample location A3
2020/03/05 00:31:03	Moving to sample location A3
2020/03/05 00:31:08	Arrived at sample location A3
2020/03/05 00:31:08	Waiting to start sample location A3
2020/03/05 00:31:08	Processing sample location A3
2020/03/05 00:51:08	Sample completed location A3
2020/03/05 00:51:08	Waiting to start new step
2020/03/05 00:51:08	Starting new step
2020/03/05 00:51:08	Ready to move to sample location A4
2020/03/05 00:51:08	Moving to sample location A4
2020/03/05 00:51:14	Arrived at sample location A4
2020/03/05 00:51:14	Waiting to start sample location A4
2020/03/05 00:51:14	Processing sample location A4
2020/03/05 01:06:14	Sample completed location A4
2020/03/05 01:06:14	Waiting to start new step
2020/03/05 01:06:14	Starting new step
2020/03/05 01:06:15	Ready to move to sample location A11
2020/03/05 01:06:15	Moving to sample location A11
2020/03/05 01:06:23	Arrived at sample location A11
2020/03/05 01:06:23	Waiting to start sample location A11
2020/03/05 01:06:23	Processing sample location A11
2020/03/05 01:06:28	Sample completed location A11
2020/03/05 01:06:28	Waiting to start new step
2020/03/05 01:06:29	Starting new step
2020/03/05 01:06:29	Ready to move to sample location A12
2020/03/05 01:06:29	Moving to sample location A12
2020/03/05 01:06:39	Arrived at sample location A12
2020/03/05 01:06:39	Waiting to start sample location A12
2020/03/05 01:06:39	Processing sample location A12
2020/03/05 01:06:44	Sample completed location A12
2020/03/05 01:06:44	Waiting to start new step
2020/03/05 01:06:44	Starting new step
2020/03/05 01:06:45	Ready to move to sample location A11
2020/03/05 01:06:45	Moving to sample location A11
2020/03/05 01:06:55	Arrived at sample location A11
2020/03/05 01:06:55	Waiting to start sample location A11
2020/03/05 01:06:55	Processing sample location A11
2020/03/05 01:07:00	Sample completed location A11
2020/03/05 01:07:00	Waiting to start new step
2020/03/05 01:07:00	Starting new step
2020/03/05 01:07:01	Ready to move to sample location A12
2020/03/05 01:07:01	Moving to sample location A12
2020/03/05 01:07:11	Arrived at sample location A12
2020/03/05 01:07:11	Waiting to start sample location A12
2020/03/05 01:07:11	Processing sample location A12
2020/03/05 01:07:15	Sample completed location A12
2020/03/05 01:07:16	Waiting to start new step
2020/03/05 01:07:16	Starting new step
2020/03/05 01:07:16	Ready to move to sample location A11
2020/03/05 01:07:16	Moving to sample location A11
2020/03/05 01:07:26	Arrived at sample location A11
2020/03/05 01:07:27	Waiting to start sample location A11
2020/03/05 01:07:27	Processing sample location A11
2020/03/05 01:07:31	Sample completed location A11
2020/03/05 01:07:31	Waiting to start new step
2020/03/05 01:07:32	Starting new step
2020/03/05 01:07:32	Ready to move to sample location A12
2020/03/05 01:07:32	Moving to sample location A12
2020/03/05 01:07:42	Arrived at sample location A12
2020/03/05 01:07:42	Waiting to start sample location A12
2020/03/05 01:07:42	Processing sample location A12
2020/03/05 01:07:47	Sample completed location A12
2020/03/05 01:07:47	Waiting to start new step
2020/03/05 01:07:48	Starting new step
2020/03/05 01:07:48	Ready to move to sample location A1
2020/03/05 01:07:48	Moving to sample location A1
2020/03/05 01:07:57	Arrived at sample location A1
2020/03/05 01:07:57	Waiting to start sample location A1
2020/03/05 01:07:57	Processing sample location A1
2020/03/05 01:08:57	Sample completed location A1
2020/03/05 01:08:57	Waiting for ejection start location A5
2020/03/05 01:08:57	Ejecting sensor location A5
2020/03/05 01:09:22	Ejecting completed location A5
2020/03/05 01:09:22	Experiment finished
2020/03/05 01:09:22	Ready
