2020/02/24 21:15:54	Instrument is busy
2020/02/24 21:15:55	Instrument is finished
2020/02/24 21:15:55	Ready
2020/02/24 21:16:56	Experiment started
2020/02/24 21:16:56	Starting new step
2020/02/24 21:16:56	Plate 1 temperature = 25 C
2020/02/24 21:16:56	Waiting to pick up sensor location A3
2020/02/24 21:16:56	Picking sensors location A3
2020/02/24 21:17:04	Checking sensors location A3
2020/02/24 21:17:05	Sensor 1: Integration Time = 2.2 ms
2020/02/24 21:17:05	Sensor 2: Integration Time = 2.0 ms
2020/02/24 21:17:05	Sensor 3: Integration Time = 2.4 ms
2020/02/24 21:17:05	Sensor 4: Integration Time = 2.0 ms
2020/02/24 21:17:05	Sensor 5: Integration Time = 2.4 ms
2020/02/24 21:17:05	Sensor 6: Integration Time = 1.9 ms
2020/02/24 21:17:05	Sensor 7: Integration Time = 1.9 ms
2020/02/24 21:17:05	Sensor 8: Integration Time = 2.2 ms
2020/02/24 21:17:13	Picking sensors completed location A3
2020/02/24 21:17:13	Plate 1 temperature = 25 C
2020/02/24 21:17:13	Ready to move to sample location A1
2020/02/24 21:17:13	Moving to sample location A1
2020/02/24 21:17:17	Arrived at sample location A1
2020/02/24 21:17:17	Waiting to start sample location A1
2020/02/24 21:17:18	Processing sample location A1
2020/02/24 21:18:17	Sample completed location A1
2020/02/24 21:18:17	Waiting to start new step
2020/02/24 21:18:18	Starting new step
2020/02/24 21:18:18	Ready to move to sample location A11
2020/02/24 21:18:18	Moving to sample location A11
2020/02/24 21:18:26	Arrived at sample location A11
2020/02/24 21:18:26	Waiting to start sample location A11
2020/02/24 21:18:26	Processing sample location A11
2020/02/24 21:18:31	Sample completed location A11
2020/02/24 21:18:31	Waiting to start new step
2020/02/24 21:18:32	Starting new step
2020/02/24 21:18:32	Ready to move to sample location A12
2020/02/24 21:18:33	Moving to sample location A12
2020/02/24 21:18:42	Arrived at sample location A12
2020/02/24 21:18:42	Waiting to start sample location A12
2020/02/24 21:18:42	Processing sample location A12
2020/02/24 21:18:47	Sample completed location A12
2020/02/24 21:18:47	Waiting to start new step
2020/02/24 21:18:48	Starting new step
2020/02/24 21:18:48	Ready to move to sample location A11
2020/02/24 21:18:48	Moving to sample location A11
2020/02/24 21:18:58	Arrived at sample location A11
2020/02/24 21:18:58	Waiting to start sample location A11
2020/02/24 21:18:58	Processing sample location A11
2020/02/24 21:19:03	Sample completed location A11
2020/02/24 21:19:03	Waiting to start new step
2020/02/24 21:19:03	Starting new step
2020/02/24 21:19:04	Ready to move to sample location A12
2020/02/24 21:19:04	Moving to sample location A12
2020/02/24 21:19:14	Arrived at sample location A12
2020/02/24 21:19:14	Waiting to start sample location A12
2020/02/24 21:19:14	Processing sample location A12
2020/02/24 21:19:19	Sample completed location A12
2020/02/24 21:19:19	Waiting to start new step
2020/02/24 21:19:19	Starting new step
2020/02/24 21:19:20	Ready to move to sample location A11
2020/02/24 21:19:20	Moving to sample location A11
2020/02/24 21:19:29	Arrived at sample location A11
2020/02/24 21:19:30	Waiting to start sample location A11
2020/02/24 21:19:30	Processing sample location A11
2020/02/24 21:19:34	Sample completed location A11
2020/02/24 21:19:35	Waiting to start new step
2020/02/24 21:19:35	Starting new step
2020/02/24 21:19:35	Ready to move to sample location A12
2020/02/24 21:19:35	Moving to sample location A12
2020/02/24 21:19:45	Arrived at sample location A12
2020/02/24 21:19:46	Waiting to start sample location A12
2020/02/24 21:19:46	Processing sample location A12
2020/02/24 21:19:50	Sample completed location A12
2020/02/24 21:19:50	Waiting to start new step
2020/02/24 21:19:51	Starting new step
2020/02/24 21:19:51	Ready to move to sample location A1
2020/02/24 21:19:51	Moving to sample location A1
2020/02/24 21:20:00	Arrived at sample location A1
2020/02/24 21:20:00	Waiting to start sample location A1
2020/02/24 21:20:00	Processing sample location A1
2020/02/24 21:25:00	Sample completed location A1
2020/02/24 21:25:00	Waiting to start new step
2020/02/24 21:25:00	Starting new step
2020/02/24 21:25:01	Ready to move to sample location A2
2020/02/24 21:25:01	Moving to sample location A2
2020/02/24 21:25:05	Arrived at sample location A2
2020/02/24 21:25:05	Waiting to start sample location A2
2020/02/24 21:25:05	Processing sample location A2
2020/02/24 21:30:05	Sample completed location A2
2020/02/24 21:30:05	Waiting to start new step
2020/02/24 21:30:05	Starting new step
2020/02/24 21:30:06	Ready to move to sample location A5
2020/02/24 21:30:06	Moving to sample location A5
2020/02/24 21:30:12	Arrived at sample location A5
2020/02/24 21:30:12	Waiting to start sample location A5
2020/02/24 21:30:12	Processing sample location A5
2020/02/24 21:50:11	Sample completed location A5
2020/02/24 21:50:12	Waiting to start new step
2020/02/24 21:50:12	Starting new step
2020/02/24 21:50:12	Ready to move to sample location A6
2020/02/24 21:50:12	Moving to sample location A6
2020/02/24 21:50:19	Arrived at sample location A6
2020/02/24 21:50:19	Waiting to start sample location A6
2020/02/24 21:50:19	Processing sample location A6
2020/02/24 22:05:19	Sample completed location A6
2020/02/24 22:05:19	Waiting to start new step
2020/02/24 22:05:20	Starting new step
2020/02/24 22:05:20	Ready to move to sample location A11
2020/02/24 22:05:20	Moving to sample location A11
2020/02/24 22:05:29	Arrived at sample location A11
2020/02/24 22:05:29	Waiting to start sample location A11
2020/02/24 22:05:29	Processing sample location A11
2020/02/24 22:05:34	Sample completed location A11
2020/02/24 22:05:34	Waiting to start new step
2020/02/24 22:05:34	Starting new step
2020/02/24 22:05:34	Ready to move to sample location A12
2020/02/24 22:05:34	Moving to sample location A12
2020/02/24 22:05:44	Arrived at sample location A12
2020/02/24 22:05:45	Waiting to start sample location A12
2020/02/24 22:05:45	Processing sample location A12
2020/02/24 22:05:49	Sample completed location A12
2020/02/24 22:05:49	Waiting to start new step
2020/02/24 22:05:50	Starting new step
2020/02/24 22:05:50	Ready to move to sample location A11
2020/02/24 22:05:50	Moving to sample location A11
2020/02/24 22:06:00	Arrived at sample location A11
2020/02/24 22:06:00	Waiting to start sample location A11
2020/02/24 22:06:00	Processing sample location A11
2020/02/24 22:06:05	Sample completed location A11
2020/02/24 22:06:05	Waiting to start new step
2020/02/24 22:06:06	Starting new step
2020/02/24 22:06:06	Ready to move to sample location A12
2020/02/24 22:06:06	Moving to sample location A12
2020/02/24 22:06:16	Arrived at sample location A12
2020/02/24 22:06:16	Waiting to start sample location A12
2020/02/24 22:06:16	Processing sample location A12
2020/02/24 22:06:21	Sample completed location A12
2020/02/24 22:06:21	Waiting to start new step
2020/02/24 22:06:21	Starting new step
2020/02/24 22:06:22	Ready to move to sample location A11
2020/02/24 22:06:22	Moving to sample location A11
2020/02/24 22:06:32	Arrived at sample location A11
2020/02/24 22:06:32	Waiting to start sample location A11
2020/02/24 22:06:32	Processing sample location A11
2020/02/24 22:06:37	Sample completed location A11
2020/02/24 22:06:37	Waiting to start new step
2020/02/24 22:06:37	Starting new step
2020/02/24 22:06:37	Ready to move to sample location A12
2020/02/24 22:06:37	Moving to sample location A12
2020/02/24 22:06:47	Arrived at sample location A12
2020/02/24 22:06:48	Waiting to start sample location A12
2020/02/24 22:06:48	Processing sample location A12
2020/02/24 22:06:52	Sample completed location A12
2020/02/24 22:06:53	Waiting to start new step
2020/02/24 22:06:53	Starting new step
2020/02/24 22:06:53	Ready to move to sample location A1
2020/02/24 22:06:53	Moving to sample location A1
2020/02/24 22:07:02	Arrived at sample location A1
2020/02/24 22:07:02	Waiting to start sample location A1
2020/02/24 22:07:02	Processing sample location A1
2020/02/24 22:12:02	Sample completed location A1
2020/02/24 22:12:02	Waiting for ejection start location A3
2020/02/24 22:12:02	Ejecting sensor location A3
2020/02/24 22:12:28	Ejecting completed location A3
2020/02/24 22:12:28	Experiment finished
2020/02/24 22:12:28	Ready
