2020/02/22 04:04:41	Instrument is busy
2020/02/22 04:04:42	Instrument is finished
2020/02/22 04:04:42	Ready
2020/02/22 04:05:43	Experiment started
2020/02/22 04:05:43	Starting new step
2020/02/22 04:05:43	Plate 1 temperature = 25 C
2020/02/22 04:05:43	Waiting to pick up sensor location A3
2020/02/22 04:05:43	Picking sensors location A3
2020/02/22 04:05:51	Checking sensors location A3
2020/02/22 04:05:53	Sensor 1: Integration Time = 2.2 ms
2020/02/22 04:05:53	Sensor 2: Integration Time = 2.0 ms
2020/02/22 04:05:53	Sensor 3: Integration Time = 2.4 ms
2020/02/22 04:05:53	Sensor 4: Integration Time = 2.0 ms
2020/02/22 04:05:53	Sensor 5: Integration Time = 2.4 ms
2020/02/22 04:05:53	Sensor 6: Integration Time = 1.9 ms
2020/02/22 04:05:53	Sensor 7: Integration Time = 1.9 ms
2020/02/22 04:05:53	Sensor 8: Integration Time = 2.1 ms
2020/02/22 04:06:00	Picking sensors completed location A3
2020/02/22 04:06:00	Ready to move to sample location A1
2020/02/22 04:06:00	Plate 1 temperature = 25 C
2020/02/22 04:06:00	Moving to sample location A1
2020/02/22 04:06:04	Arrived at sample location A1
2020/02/22 04:06:05	Waiting to start sample location A1
2020/02/22 04:06:05	Processing sample location A1
2020/02/22 04:07:04	Sample completed location A1
2020/02/22 04:07:05	Waiting to start new step
2020/02/22 04:07:05	Starting new step
2020/02/22 04:07:05	Ready to move to sample location A11
2020/02/22 04:07:05	Moving to sample location A11
2020/02/22 04:07:14	Arrived at sample location A11
2020/02/22 04:07:14	Waiting to start sample location A11
2020/02/22 04:07:14	Processing sample location A11
2020/02/22 04:07:18	Sample completed location A11
2020/02/22 04:07:19	Waiting to start new step
2020/02/22 04:07:19	Starting new step
2020/02/22 04:07:19	Ready to move to sample location A12
2020/02/22 04:07:19	Moving to sample location A12
2020/02/22 04:07:29	Arrived at sample location A12
2020/02/22 04:07:30	Waiting to start sample location A12
2020/02/22 04:07:30	Processing sample location A12
2020/02/22 04:07:34	Sample completed location A12
2020/02/22 04:07:35	Waiting to start new step
2020/02/22 04:07:35	Starting new step
2020/02/22 04:07:35	Ready to move to sample location A11
2020/02/22 04:07:35	Moving to sample location A11
2020/02/22 04:07:46	Arrived at sample location A11
2020/02/22 04:07:46	Waiting to start sample location A11
2020/02/22 04:07:46	Processing sample location A11
2020/02/22 04:07:50	Sample completed location A11
2020/02/22 04:07:50	Waiting to start new step
2020/02/22 04:07:51	Starting new step
2020/02/22 04:07:51	Ready to move to sample location A12
2020/02/22 04:07:51	Moving to sample location A12
2020/02/22 04:08:01	Arrived at sample location A12
2020/02/22 04:08:01	Waiting to start sample location A12
2020/02/22 04:08:01	Processing sample location A12
2020/02/22 04:08:06	Sample completed location A12
2020/02/22 04:08:06	Waiting to start new step
2020/02/22 04:08:06	Starting new step
2020/02/22 04:08:07	Ready to move to sample location A11
2020/02/22 04:08:07	Moving to sample location A11
2020/02/22 04:08:17	Arrived at sample location A11
2020/02/22 04:08:17	Waiting to start sample location A11
2020/02/22 04:08:17	Processing sample location A11
2020/02/22 04:08:22	Sample completed location A11
2020/02/22 04:08:22	Waiting to start new step
2020/02/22 04:08:22	Starting new step
2020/02/22 04:08:23	Ready to move to sample location A12
2020/02/22 04:08:23	Moving to sample location A12
2020/02/22 04:08:33	Arrived at sample location A12
2020/02/22 04:08:33	Waiting to start sample location A12
2020/02/22 04:08:33	Processing sample location A12
2020/02/22 04:08:37	Sample completed location A12
2020/02/22 04:08:38	Waiting to start new step
2020/02/22 04:08:38	Starting new step
2020/02/22 04:08:38	Ready to move to sample location A1
2020/02/22 04:08:38	Moving to sample location A1
2020/02/22 04:08:47	Arrived at sample location A1
2020/02/22 04:08:47	Waiting to start sample location A1
2020/02/22 04:08:47	Processing sample location A1
2020/02/22 04:13:47	Sample completed location A1
2020/02/22 04:13:47	Waiting to start new step
2020/02/22 04:13:48	Starting new step
2020/02/22 04:13:48	Ready to move to sample location A2
2020/02/22 04:13:48	Moving to sample location A2
2020/02/22 04:13:52	Arrived at sample location A2
2020/02/22 04:13:52	Waiting to start sample location A2
2020/02/22 04:13:52	Processing sample location A2
2020/02/22 04:18:52	Sample completed location A2
2020/02/22 04:18:52	Waiting to start new step
2020/02/22 04:18:53	Starting new step
2020/02/22 04:18:53	Ready to move to sample location A6
2020/02/22 04:18:53	Moving to sample location A6
2020/02/22 04:18:59	Arrived at sample location A6
2020/02/22 04:18:59	Waiting to start sample location A6
2020/02/22 04:19:00	Processing sample location A6
2020/02/22 04:38:59	Sample completed location A6
2020/02/22 04:38:59	Waiting to start new step
2020/02/22 04:39:00	Starting new step
2020/02/22 04:39:00	Ready to move to sample location A7
2020/02/22 04:39:00	Moving to sample location A7
2020/02/22 04:39:07	Arrived at sample location A7
2020/02/22 04:39:07	Waiting to start sample location A7
2020/02/22 04:39:08	Processing sample location A7
2020/02/22 04:54:07	Sample completed location A7
2020/02/22 04:54:08	Waiting to start new step
2020/02/22 04:54:08	Starting new step
2020/02/22 04:54:08	Ready to move to sample location A11
2020/02/22 04:54:08	Moving to sample location A11
2020/02/22 04:54:17	Arrived at sample location A11
2020/02/22 04:54:17	Waiting to start sample location A11
2020/02/22 04:54:17	Processing sample location A11
2020/02/22 04:54:22	Sample completed location A11
2020/02/22 04:54:22	Waiting to start new step
2020/02/22 04:54:23	Starting new step
2020/02/22 04:54:23	Ready to move to sample location A12
2020/02/22 04:54:23	Moving to sample location A12
2020/02/22 04:54:33	Arrived at sample location A12
2020/02/22 04:54:33	Waiting to start sample location A12
2020/02/22 04:54:33	Processing sample location A12
2020/02/22 04:54:38	Sample completed location A12
2020/02/22 04:54:38	Waiting to start new step
2020/02/22 04:54:38	Starting new step
2020/02/22 04:54:38	Ready to move to sample location A11
2020/02/22 04:54:39	Moving to sample location A11
2020/02/22 04:54:49	Arrived at sample location A11
2020/02/22 04:54:49	Waiting to start sample location A11
2020/02/22 04:54:49	Processing sample location A11
2020/02/22 04:54:54	Sample completed location A11
2020/02/22 04:54:54	Waiting to start new step
2020/02/22 04:54:54	Starting new step
2020/02/22 04:54:55	Ready to move to sample location A12
2020/02/22 04:54:55	Moving to sample location A12
2020/02/22 04:55:05	Arrived at sample location A12
2020/02/22 04:55:05	Waiting to start sample location A12
2020/02/22 04:55:05	Processing sample location A12
2020/02/22 04:55:09	Sample completed location A12
2020/02/22 04:55:10	Waiting to start new step
2020/02/22 04:55:10	Starting new step
2020/02/22 04:55:10	Ready to move to sample location A11
2020/02/22 04:55:10	Moving to sample location A11
2020/02/22 04:55:20	Arrived at sample location A11
2020/02/22 04:55:21	Waiting to start sample location A11
2020/02/22 04:55:21	Processing sample location A11
2020/02/22 04:55:25	Sample completed location A11
2020/02/22 04:55:25	Waiting to start new step
2020/02/22 04:55:26	Starting new step
2020/02/22 04:55:26	Ready to move to sample location A12
2020/02/22 04:55:26	Moving to sample location A12
2020/02/22 04:55:36	Arrived at sample location A12
2020/02/22 04:55:36	Waiting to start sample location A12
2020/02/22 04:55:36	Processing sample location A12
2020/02/22 04:55:41	Sample completed location A12
2020/02/22 04:55:41	Waiting to start new step
2020/02/22 04:55:42	Starting new step
2020/02/22 04:55:42	Ready to move to sample location A1
2020/02/22 04:55:42	Moving to sample location A1
2020/02/22 04:55:50	Arrived at sample location A1
2020/02/22 04:55:51	Waiting to start sample location A1
2020/02/22 04:55:51	Processing sample location A1
2020/02/22 05:00:50	Sample completed location A1
2020/02/22 05:00:51	Waiting for ejection start location A3
2020/02/22 05:00:51	Ejecting sensor location A3
2020/02/22 05:01:16	Ejecting completed location A3
2020/02/22 05:01:16	Experiment finished
2020/02/22 05:01:16	Ready
