2020/03/04 00:46:26	Instrument is busy
2020/03/04 00:46:27	Instrument is finished
2020/03/04 00:46:28	Ready
2020/03/04 00:46:29	Experiment started
2020/03/04 00:46:29	Plate 1 temperature = 25 C
2020/03/04 00:46:29	Starting new step
2020/03/04 00:46:29	Waiting to pick up sensor location A5
2020/03/04 00:46:29	Picking sensors location A5
2020/03/04 00:46:37	Checking sensors location A5
2020/03/04 00:46:39	Sensor 1: Integration Time = 2.3 ms
2020/03/04 00:46:39	Sensor 2: Integration Time = 2.1 ms
2020/03/04 00:46:39	Sensor 3: Integration Time = 2.5 ms
2020/03/04 00:46:39	Sensor 4: Integration Time = 2.0 ms
2020/03/04 00:46:39	Sensor 5: Integration Time = 2.4 ms
2020/03/04 00:46:39	Sensor 6: Integration Time = 2.1 ms
2020/03/04 00:46:39	Sensor 7: Integration Time = 2.0 ms
2020/03/04 00:46:39	Sensor 8: Integration Time = 2.2 ms
2020/03/04 00:46:45	Picking sensors completed location A5
2020/03/04 00:46:45	Plate 1 temperature = 25 C
2020/03/04 00:46:46	Ready to move to sample location A1
2020/03/04 00:46:46	Moving to sample location A1
2020/03/04 00:46:50	Arrived at sample location A1
2020/03/04 00:46:51	Waiting to start sample location A1
2020/03/04 00:46:51	Processing sample location A1
2020/03/04 00:47:50	Sample completed location A1
2020/03/04 00:47:50	Waiting to start new step
2020/03/04 00:47:51	Starting new step
2020/03/04 00:47:51	Ready to move to sample location A11
2020/03/04 00:47:51	Moving to sample location A11
2020/03/04 00:47:59	Arrived at sample location A11
2020/03/04 00:47:59	Waiting to start sample location A11
2020/03/04 00:47:59	Processing sample location A11
2020/03/04 00:48:04	Sample completed location A11
2020/03/04 00:48:05	Waiting to start new step
2020/03/04 00:48:05	Starting new step
2020/03/04 00:48:05	Ready to move to sample location A12
2020/03/04 00:48:05	Moving to sample location A12
2020/03/04 00:48:16	Arrived at sample location A12
2020/03/04 00:48:16	Waiting to start sample location A12
2020/03/04 00:48:16	Processing sample location A12
2020/03/04 00:48:20	Sample completed location A12
2020/03/04 00:48:20	Waiting to start new step
2020/03/04 00:48:21	Starting new step
2020/03/04 00:48:21	Ready to move to sample location A11
2020/03/04 00:48:21	Moving to sample location A11
2020/03/04 00:48:31	Arrived at sample location A11
2020/03/04 00:48:31	Waiting to start sample location A11
2020/03/04 00:48:31	Processing sample location A11
2020/03/04 00:48:36	Sample completed location A11
2020/03/04 00:48:36	Waiting to start new step
2020/03/04 00:48:37	Starting new step
2020/03/04 00:48:37	Ready to move to sample location A12
2020/03/04 00:48:37	Moving to sample location A12
2020/03/04 00:48:47	Arrived at sample location A12
2020/03/04 00:48:47	Waiting to start sample location A12
2020/03/04 00:48:47	Processing sample location A12
2020/03/04 00:48:52	Sample completed location A12
2020/03/04 00:48:52	Waiting to start new step
2020/03/04 00:48:52	Starting new step
2020/03/04 00:48:53	Ready to move to sample location A11
2020/03/04 00:48:53	Moving to sample location A11
2020/03/04 00:49:03	Arrived at sample location A11
2020/03/04 00:49:03	Waiting to start sample location A11
2020/03/04 00:49:03	Processing sample location A11
2020/03/04 00:49:07	Sample completed location A11
2020/03/04 00:49:08	Waiting to start new step
2020/03/04 00:49:08	Starting new step
2020/03/04 00:49:08	Ready to move to sample location A12
2020/03/04 00:49:08	Moving to sample location A12
2020/03/04 00:49:18	Arrived at sample location A12
2020/03/04 00:49:19	Waiting to start sample location A12
2020/03/04 00:49:19	Processing sample location A12
2020/03/04 00:49:23	Sample completed location A12
2020/03/04 00:49:24	Waiting to start new step
2020/03/04 00:49:24	Starting new step
2020/03/04 00:49:24	Ready to move to sample location A1
2020/03/04 00:49:24	Moving to sample location A1
2020/03/04 00:49:33	Arrived at sample location A1
2020/03/04 00:49:33	Waiting to start sample location A1
2020/03/04 00:49:33	Processing sample location A1
2020/03/04 00:50:33	Sample completed location A1
2020/03/04 00:50:33	Waiting to start new step
2020/03/04 00:50:33	Starting new step
2020/03/04 00:50:34	Ready to move to sample location A2
2020/03/04 00:50:34	Moving to sample location A2
2020/03/04 00:50:38	Arrived at sample location A2
2020/03/04 00:50:38	Waiting to start sample location A2
2020/03/04 00:50:38	Processing sample location A2
2020/03/04 00:55:38	Sample completed location A2
2020/03/04 00:55:38	Waiting to start new step
2020/03/04 00:55:38	Starting new step
2020/03/04 00:55:38	Ready to move to sample location A7
2020/03/04 00:55:39	Moving to sample location A7
2020/03/04 00:55:46	Arrived at sample location A7
2020/03/04 00:55:46	Waiting to start sample location A7
2020/03/04 00:55:46	Processing sample location A7
2020/03/04 01:15:45	Sample completed location A7
2020/03/04 01:15:45	Waiting to start new step
2020/03/04 01:15:46	Starting new step
2020/03/04 01:15:46	Ready to move to sample location A8
2020/03/04 01:15:46	Moving to sample location A8
2020/03/04 01:15:54	Arrived at sample location A8
2020/03/04 01:15:54	Waiting to start sample location A8
2020/03/04 01:15:54	Processing sample location A8
2020/03/04 01:30:54	Sample completed location A8
2020/03/04 01:30:54	Waiting to start new step
2020/03/04 01:30:54	Starting new step
2020/03/04 01:30:54	Ready to move to sample location A11
2020/03/04 01:30:55	Moving to sample location A11
2020/03/04 01:31:04	Arrived at sample location A11
2020/03/04 01:31:04	Waiting to start sample location A11
2020/03/04 01:31:04	Processing sample location A11
2020/03/04 01:31:08	Sample completed location A11
2020/03/04 01:31:09	Waiting to start new step
2020/03/04 01:31:09	Starting new step
2020/03/04 01:31:09	Ready to move to sample location A12
2020/03/04 01:31:09	Moving to sample location A12
2020/03/04 01:31:20	Arrived at sample location A12
2020/03/04 01:31:20	Waiting to start sample location A12
2020/03/04 01:31:20	Processing sample location A12
2020/03/04 01:31:24	Sample completed location A12
2020/03/04 01:31:24	Waiting to start new step
2020/03/04 01:31:25	Starting new step
2020/03/04 01:31:25	Ready to move to sample location A11
2020/03/04 01:31:25	Moving to sample location A11
2020/03/04 01:31:35	Arrived at sample location A11
2020/03/04 01:31:35	Waiting to start sample location A11
2020/03/04 01:31:35	Processing sample location A11
2020/03/04 01:31:40	Sample completed location A11
2020/03/04 01:31:40	Waiting to start new step
2020/03/04 01:31:41	Starting new step
2020/03/04 01:31:41	Ready to move to sample location A12
2020/03/04 01:31:41	Moving to sample location A12
2020/03/04 01:31:51	Arrived at sample location A12
2020/03/04 01:31:51	Waiting to start sample location A12
2020/03/04 01:31:51	Processing sample location A12
2020/03/04 01:31:56	Sample completed location A12
2020/03/04 01:31:56	Waiting to start new step
2020/03/04 01:31:56	Starting new step
2020/03/04 01:31:57	Ready to move to sample location A11
2020/03/04 01:31:57	Moving to sample location A11
2020/03/04 01:32:07	Arrived at sample location A11
2020/03/04 01:32:07	Waiting to start sample location A11
2020/03/04 01:32:07	Processing sample location A11
2020/03/04 01:32:12	Sample completed location A11
2020/03/04 01:32:12	Waiting to start new step
2020/03/04 01:32:12	Starting new step
2020/03/04 01:32:12	Ready to move to sample location A12
2020/03/04 01:32:12	Moving to sample location A12
2020/03/04 01:32:23	Arrived at sample location A12
2020/03/04 01:32:23	Waiting to start sample location A12
2020/03/04 01:32:23	Processing sample location A12
2020/03/04 01:32:27	Sample completed location A12
2020/03/04 01:32:28	Waiting to start new step
2020/03/04 01:32:28	Starting new step
2020/03/04 01:32:28	Ready to move to sample location A1
2020/03/04 01:32:28	Moving to sample location A1
2020/03/04 01:32:37	Arrived at sample location A1
2020/03/04 01:32:37	Waiting to start sample location A1
2020/03/04 01:32:37	Processing sample location A1
2020/03/04 01:33:37	Sample completed location A1
2020/03/04 01:33:37	Waiting for ejection start location A5
2020/03/04 01:33:37	Ejecting sensor location A5
2020/03/04 01:34:02	Ejecting completed location A5
2020/03/04 01:34:02	Experiment finished
2020/03/04 01:34:03	Ready
