2020/02/26 02:06:47	Instrument is busy
2020/02/26 02:06:48	Instrument is finished
2020/02/26 02:06:48	Ready
2020/02/26 02:07:49	Experiment started
2020/02/26 02:07:49	Starting new step
2020/02/26 02:07:49	Plate 1 temperature = 25 C
2020/02/26 02:07:49	Waiting to pick up sensor location A1
2020/02/26 02:07:49	Picking sensors location A1
2020/02/26 02:07:57	Checking sensors location A1
2020/02/26 02:07:58	Sensor 1: Integration Time = 2.1 ms
2020/02/26 02:07:58	Sensor 2: Integration Time = 2.0 ms
2020/02/26 02:07:58	Sensor 3: Integration Time = 2.3 ms
2020/02/26 02:07:58	Sensor 4: Integration Time = 2.0 ms
2020/02/26 02:07:58	Sensor 5: Integration Time = 2.2 ms
2020/02/26 02:07:58	Sensor 6: Integration Time = 2.0 ms
2020/02/26 02:07:58	Sensor 7: Integration Time = 2.0 ms
2020/02/26 02:07:58	Sensor 8: Integration Time = 2.1 ms
2020/02/26 02:08:06	Picking sensors completed location A1
2020/02/26 02:08:06	Plate 1 temperature = 25 C
2020/02/26 02:08:06	Ready to move to sample location A1
2020/02/26 02:08:06	Moving to sample location A1
2020/02/26 02:08:10	Arrived at sample location A1
2020/02/26 02:08:11	Waiting to start sample location A1
2020/02/26 02:08:11	Processing sample location A1
2020/02/26 02:09:10	Sample completed location A1
2020/02/26 02:09:10	Waiting to start new step
2020/02/26 02:09:11	Starting new step
2020/02/26 02:09:11	Ready to move to sample location A11
2020/02/26 02:09:11	Moving to sample location A11
2020/02/26 02:09:19	Arrived at sample location A11
2020/02/26 02:09:19	Waiting to start sample location A11
2020/02/26 02:09:20	Processing sample location A11
2020/02/26 02:09:24	Sample completed location A11
2020/02/26 02:09:25	Waiting to start new step
2020/02/26 02:09:25	Starting new step
2020/02/26 02:09:25	Ready to move to sample location A12
2020/02/26 02:09:25	Moving to sample location A12
2020/02/26 02:09:35	Arrived at sample location A12
2020/02/26 02:09:35	Waiting to start sample location A12
2020/02/26 02:09:35	Processing sample location A12
2020/02/26 02:09:40	Sample completed location A12
2020/02/26 02:09:40	Waiting to start new step
2020/02/26 02:09:41	Starting new step
2020/02/26 02:09:41	Ready to move to sample location A11
2020/02/26 02:09:41	Moving to sample location A11
2020/02/26 02:09:51	Arrived at sample location A11
2020/02/26 02:09:51	Waiting to start sample location A11
2020/02/26 02:09:51	Processing sample location A11
2020/02/26 02:09:56	Sample completed location A11
2020/02/26 02:09:56	Waiting to start new step
2020/02/26 02:09:56	Starting new step
2020/02/26 02:09:57	Ready to move to sample location A12
2020/02/26 02:09:57	Moving to sample location A12
2020/02/26 02:10:07	Arrived at sample location A12
2020/02/26 02:10:07	Waiting to start sample location A12
2020/02/26 02:10:07	Processing sample location A12
2020/02/26 02:10:12	Sample completed location A12
2020/02/26 02:10:12	Waiting to start new step
2020/02/26 02:10:12	Starting new step
2020/02/26 02:10:13	Ready to move to sample location A11
2020/02/26 02:10:13	Moving to sample location A11
2020/02/26 02:10:23	Arrived at sample location A11
2020/02/26 02:10:23	Waiting to start sample location A11
2020/02/26 02:10:23	Processing sample location A11
2020/02/26 02:10:28	Sample completed location A11
2020/02/26 02:10:28	Waiting to start new step
2020/02/26 02:10:28	Starting new step
2020/02/26 02:10:28	Ready to move to sample location A12
2020/02/26 02:10:28	Moving to sample location A12
2020/02/26 02:10:38	Arrived at sample location A12
2020/02/26 02:10:39	Waiting to start sample location A12
2020/02/26 02:10:39	Processing sample location A12
2020/02/26 02:10:43	Sample completed location A12
2020/02/26 02:10:43	Waiting to start new step
2020/02/26 02:10:44	Starting new step
2020/02/26 02:10:44	Ready to move to sample location A1
2020/02/26 02:10:44	Moving to sample location A1
2020/02/26 02:10:53	Arrived at sample location A1
2020/02/26 02:10:53	Waiting to start sample location A1
2020/02/26 02:10:53	Processing sample location A1
2020/02/26 02:15:53	Sample completed location A1
2020/02/26 02:15:53	Waiting to start new step
2020/02/26 02:15:53	Starting new step
2020/02/26 02:15:54	Ready to move to sample location A2
2020/02/26 02:15:54	Moving to sample location A2
2020/02/26 02:15:58	Arrived at sample location A2
2020/02/26 02:15:58	Waiting to start sample location A2
2020/02/26 02:15:58	Processing sample location A2
2020/02/26 02:20:58	Sample completed location A2
2020/02/26 02:20:58	Waiting to start new step
2020/02/26 02:20:58	Starting new step
2020/02/26 02:20:59	Ready to move to sample location A3
2020/02/26 02:20:59	Moving to sample location A3
2020/02/26 02:21:04	Arrived at sample location A3
2020/02/26 02:21:04	Waiting to start sample location A3
2020/02/26 02:21:04	Processing sample location A3
2020/02/26 02:41:04	Sample completed location A3
2020/02/26 02:41:04	Waiting to start new step
2020/02/26 02:41:04	Starting new step
2020/02/26 02:41:04	Ready to move to sample location A4
2020/02/26 02:41:04	Moving to sample location A4
2020/02/26 02:41:10	Arrived at sample location A4
2020/02/26 02:41:10	Waiting to start sample location A4
2020/02/26 02:41:10	Processing sample location A4
2020/02/26 02:56:10	Sample completed location A4
2020/02/26 02:56:10	Waiting to start new step
2020/02/26 02:56:11	Starting new step
2020/02/26 02:56:11	Ready to move to sample location A11
2020/02/26 02:56:11	Moving to sample location A11
2020/02/26 02:56:19	Arrived at sample location A11
2020/02/26 02:56:19	Waiting to start sample location A11
2020/02/26 02:56:19	Processing sample location A11
2020/02/26 02:56:24	Sample completed location A11
2020/02/26 02:56:24	Waiting to start new step
2020/02/26 02:56:25	Starting new step
2020/02/26 02:56:25	Ready to move to sample location A12
2020/02/26 02:56:25	Moving to sample location A12
2020/02/26 02:56:35	Arrived at sample location A12
2020/02/26 02:56:35	Waiting to start sample location A12
2020/02/26 02:56:35	Processing sample location A12
2020/02/26 02:56:40	Sample completed location A12
2020/02/26 02:56:40	Waiting to start new step
2020/02/26 02:56:40	Starting new step
2020/02/26 02:56:41	Ready to move to sample location A11
2020/02/26 02:56:41	Moving to sample location A11
2020/02/26 02:56:51	Arrived at sample location A11
2020/02/26 02:56:51	Waiting to start sample location A11
2020/02/26 02:56:51	Processing sample location A11
2020/02/26 02:56:56	Sample completed location A11
2020/02/26 02:56:56	Waiting to start new step
2020/02/26 02:56:56	Starting new step
2020/02/26 02:56:57	Ready to move to sample location A12
2020/02/26 02:56:57	Moving to sample location A12
2020/02/26 02:57:06	Arrived at sample location A12
2020/02/26 02:57:07	Waiting to start sample location A12
2020/02/26 02:57:07	Processing sample location A12
2020/02/26 02:57:11	Sample completed location A12
2020/02/26 02:57:12	Waiting to start new step
2020/02/26 02:57:12	Starting new step
2020/02/26 02:57:12	Ready to move to sample location A11
2020/02/26 02:57:13	Moving to sample location A11
2020/02/26 02:57:22	Arrived at sample location A11
2020/02/26 02:57:23	Waiting to start sample location A11
2020/02/26 02:57:23	Processing sample location A11
2020/02/26 02:57:27	Sample completed location A11
2020/02/26 02:57:27	Waiting to start new step
2020/02/26 02:57:28	Starting new step
2020/02/26 02:57:28	Ready to move to sample location A12
2020/02/26 02:57:28	Moving to sample location A12
2020/02/26 02:57:38	Arrived at sample location A12
2020/02/26 02:57:38	Waiting to start sample location A12
2020/02/26 02:57:38	Processing sample location A12
2020/02/26 02:57:43	Sample completed location A12
2020/02/26 02:57:43	Waiting to start new step
2020/02/26 02:57:44	Starting new step
2020/02/26 02:57:44	Ready to move to sample location A1
2020/02/26 02:57:44	Moving to sample location A1
2020/02/26 02:57:53	Arrived at sample location A1
2020/02/26 02:57:53	Waiting to start sample location A1
2020/02/26 02:57:53	Processing sample location A1
2020/02/26 03:02:52	Sample completed location A1
2020/02/26 03:02:53	Waiting for ejection start location A1
2020/02/26 03:02:53	Ejecting sensor location A1
2020/02/26 03:03:18	Ejecting completed location A1
2020/02/26 03:03:18	Experiment finished
2020/02/26 03:03:18	Ready
