2020/02/25 01:20:19	Instrument is busy
2020/02/25 01:20:20	Instrument is finished
2020/02/25 01:20:20	Ready
2020/02/25 01:21:21	Experiment started
2020/02/25 01:21:21	Starting new step
2020/02/25 01:21:21	Plate 1 temperature = 25 C
2020/02/25 01:21:21	Waiting to pick up sensor location A3
2020/02/25 01:21:21	Picking sensors location A3
2020/02/25 01:21:29	Checking sensors location A3
2020/02/25 01:21:31	Sensor 1: Integration Time = 2.2 ms
2020/02/25 01:21:31	Sensor 2: Integration Time = 2.0 ms
2020/02/25 01:21:31	Sensor 3: Integration Time = 2.4 ms
2020/02/25 01:21:31	Sensor 4: Integration Time = 2.0 ms
2020/02/25 01:21:31	Sensor 5: Integration Time = 2.5 ms
2020/02/25 01:21:31	Sensor 6: Integration Time = 1.9 ms
2020/02/25 01:21:31	Sensor 7: Integration Time = 1.9 ms
2020/02/25 01:21:31	Sensor 8: Integration Time = 2.2 ms
2020/02/25 01:21:38	Picking sensors completed location A3
2020/02/25 01:21:38	Plate 1 temperature = 25 C
2020/02/25 01:21:38	Ready to move to sample location A1
2020/02/25 01:21:38	Moving to sample location A1
2020/02/25 01:21:42	Arrived at sample location A1
2020/02/25 01:21:43	Waiting to start sample location A1
2020/02/25 01:21:43	Processing sample location A1
2020/02/25 01:22:42	Sample completed location A1
2020/02/25 01:22:43	Waiting to start new step
2020/02/25 01:22:43	Starting new step
2020/02/25 01:22:43	Ready to move to sample location A11
2020/02/25 01:22:43	Moving to sample location A11
2020/02/25 01:22:52	Arrived at sample location A11
2020/02/25 01:22:52	Waiting to start sample location A11
2020/02/25 01:22:52	Processing sample location A11
2020/02/25 01:22:56	Sample completed location A11
2020/02/25 01:22:57	Waiting to start new step
2020/02/25 01:22:57	Starting new step
2020/02/25 01:22:57	Ready to move to sample location A12
2020/02/25 01:22:57	Moving to sample location A12
2020/02/25 01:23:07	Arrived at sample location A12
2020/02/25 01:23:08	Waiting to start sample location A12
2020/02/25 01:23:08	Processing sample location A12
2020/02/25 01:23:12	Sample completed location A12
2020/02/25 01:23:12	Waiting to start new step
2020/02/25 01:23:13	Starting new step
2020/02/25 01:23:13	Ready to move to sample location A11
2020/02/25 01:23:13	Moving to sample location A11
2020/02/25 01:23:23	Arrived at sample location A11
2020/02/25 01:23:23	Waiting to start sample location A11
2020/02/25 01:23:23	Processing sample location A11
2020/02/25 01:23:28	Sample completed location A11
2020/02/25 01:23:28	Waiting to start new step
2020/02/25 01:23:28	Starting new step
2020/02/25 01:23:29	Ready to move to sample location A12
2020/02/25 01:23:29	Moving to sample location A12
2020/02/25 01:23:39	Arrived at sample location A12
2020/02/25 01:23:39	Waiting to start sample location A12
2020/02/25 01:23:39	Processing sample location A12
2020/02/25 01:23:44	Sample completed location A12
2020/02/25 01:23:44	Waiting to start new step
2020/02/25 01:23:44	Starting new step
2020/02/25 01:23:45	Ready to move to sample location A11
2020/02/25 01:23:45	Moving to sample location A11
2020/02/25 01:23:55	Arrived at sample location A11
2020/02/25 01:23:55	Waiting to start sample location A11
2020/02/25 01:23:55	Processing sample location A11
2020/02/25 01:23:59	Sample completed location A11
2020/02/25 01:24:00	Waiting to start new step
2020/02/25 01:24:00	Starting new step
2020/02/25 01:24:00	Ready to move to sample location A12
2020/02/25 01:24:00	Moving to sample location A12
2020/02/25 01:24:11	Arrived at sample location A12
2020/02/25 01:24:11	Waiting to start sample location A12
2020/02/25 01:24:11	Processing sample location A12
2020/02/25 01:24:15	Sample completed location A12
2020/02/25 01:24:15	Waiting to start new step
2020/02/25 01:24:16	Starting new step
2020/02/25 01:24:16	Ready to move to sample location A1
2020/02/25 01:24:16	Moving to sample location A1
2020/02/25 01:24:25	Arrived at sample location A1
2020/02/25 01:24:25	Waiting to start sample location A1
2020/02/25 01:24:25	Processing sample location A1
2020/02/25 01:29:25	Sample completed location A1
2020/02/25 01:29:25	Waiting to start new step
2020/02/25 01:29:25	Starting new step
2020/02/25 01:29:26	Ready to move to sample location A2
2020/02/25 01:29:26	Moving to sample location A2
2020/02/25 01:29:30	Arrived at sample location A2
2020/02/25 01:29:30	Waiting to start sample location A2
2020/02/25 01:29:30	Processing sample location A2
2020/02/25 01:34:30	Sample completed location A2
2020/02/25 01:34:30	Waiting to start new step
2020/02/25 01:34:30	Starting new step
2020/02/25 01:34:31	Ready to move to sample location A3
2020/02/25 01:34:31	Moving to sample location A3
2020/02/25 01:34:36	Arrived at sample location A3
2020/02/25 01:34:36	Waiting to start sample location A3
2020/02/25 01:34:36	Processing sample location A3
2020/02/25 01:54:35	Sample completed location A3
2020/02/25 01:54:35	Waiting to start new step
2020/02/25 01:54:36	Starting new step
2020/02/25 01:54:36	Ready to move to sample location A4
2020/02/25 01:54:36	Moving to sample location A4
2020/02/25 01:54:42	Arrived at sample location A4
2020/02/25 01:54:42	Waiting to start sample location A4
2020/02/25 01:54:42	Processing sample location A4
2020/02/25 02:09:41	Sample completed location A4
2020/02/25 02:09:42	Waiting to start new step
2020/02/25 02:09:42	Starting new step
2020/02/25 02:09:42	Ready to move to sample location A11
2020/02/25 02:09:42	Moving to sample location A11
2020/02/25 02:09:51	Arrived at sample location A11
2020/02/25 02:09:51	Waiting to start sample location A11
2020/02/25 02:09:51	Processing sample location A11
2020/02/25 02:09:56	Sample completed location A11
2020/02/25 02:09:56	Waiting to start new step
2020/02/25 02:09:56	Starting new step
2020/02/25 02:09:57	Ready to move to sample location A12
2020/02/25 02:09:57	Moving to sample location A12
2020/02/25 02:10:07	Arrived at sample location A12
2020/02/25 02:10:07	Waiting to start sample location A12
2020/02/25 02:10:07	Processing sample location A12
2020/02/25 02:10:11	Sample completed location A12
2020/02/25 02:10:12	Waiting to start new step
2020/02/25 02:10:12	Starting new step
2020/02/25 02:10:12	Ready to move to sample location A11
2020/02/25 02:10:12	Moving to sample location A11
2020/02/25 02:10:23	Arrived at sample location A11
2020/02/25 02:10:23	Waiting to start sample location A11
2020/02/25 02:10:23	Processing sample location A11
2020/02/25 02:10:27	Sample completed location A11
2020/02/25 02:10:28	Waiting to start new step
2020/02/25 02:10:28	Starting new step
2020/02/25 02:10:28	Ready to move to sample location A12
2020/02/25 02:10:28	Moving to sample location A12
2020/02/25 02:10:38	Arrived at sample location A12
2020/02/25 02:10:38	Waiting to start sample location A12
2020/02/25 02:10:38	Processing sample location A12
2020/02/25 02:10:43	Sample completed location A12
2020/02/25 02:10:43	Waiting to start new step
2020/02/25 02:10:44	Starting new step
2020/02/25 02:10:44	Ready to move to sample location A11
2020/02/25 02:10:44	Moving to sample location A11
2020/02/25 02:10:54	Arrived at sample location A11
2020/02/25 02:10:54	Waiting to start sample location A11
2020/02/25 02:10:54	Processing sample location A11
2020/02/25 02:10:59	Sample completed location A11
2020/02/25 02:10:59	Waiting to start new step
2020/02/25 02:10:59	Starting new step
2020/02/25 02:10:59	Ready to move to sample location A12
2020/02/25 02:11:00	Moving to sample location A12
2020/02/25 02:11:10	Arrived at sample location A12
2020/02/25 02:11:10	Waiting to start sample location A12
2020/02/25 02:11:10	Processing sample location A12
2020/02/25 02:11:15	Sample completed location A12
2020/02/25 02:11:15	Waiting to start new step
2020/02/25 02:11:15	Starting new step
2020/02/25 02:11:16	Ready to move to sample location A1
2020/02/25 02:11:16	Moving to sample location A1
2020/02/25 02:11:24	Arrived at sample location A1
2020/02/25 02:11:24	Waiting to start sample location A1
2020/02/25 02:11:24	Processing sample location A1
2020/02/25 02:16:24	Sample completed location A1
2020/02/25 02:16:24	Waiting for ejection start location A3
2020/02/25 02:16:24	Ejecting sensor location A3
2020/02/25 02:16:49	Ejecting completed location A3
2020/02/25 02:16:50	Experiment finished
2020/02/25 02:16:50	Ready
