2020/02/27 04:10:46	Instrument is busy
2020/02/27 04:10:47	Instrument is finished
2020/02/27 04:10:47	Ready
2020/02/27 04:10:48	Experiment started
2020/02/27 04:10:48	Starting new step
2020/02/27 04:10:48	Plate 1 temperature = 25 C
2020/02/27 04:10:48	Waiting to pick up sensor location A5
2020/02/27 04:10:48	Picking sensors location A5
2020/02/27 04:10:56	Checking sensors location A5
2020/02/27 04:10:58	Sensor 1: Integration Time = 2.2 ms
2020/02/27 04:10:58	Sensor 2: Integration Time = 2.0 ms
2020/02/27 04:10:58	Sensor 3: Integration Time = 2.4 ms
2020/02/27 04:10:58	Sensor 4: Integration Time = 2.0 ms
2020/02/27 04:10:58	Sensor 5: Integration Time = 2.3 ms
2020/02/27 04:10:58	Sensor 6: Integration Time = 2.0 ms
2020/02/27 04:10:58	Sensor 7: Integration Time = 1.9 ms
2020/02/27 04:10:58	Sensor 8: Integration Time = 2.2 ms
2020/02/27 04:11:05	Picking sensors completed location A5
2020/02/27 04:11:05	Plate 1 temperature = 25 C
2020/02/27 04:11:05	Ready to move to sample location A1
2020/02/27 04:11:05	Moving to sample location A1
2020/02/27 04:11:09	Arrived at sample location A1
2020/02/27 04:11:10	Waiting to start sample location A1
2020/02/27 04:11:10	Processing sample location A1
2020/02/27 04:12:09	Sample completed location A1
2020/02/27 04:12:09	Waiting to start new step
2020/02/27 04:12:10	Starting new step
2020/02/27 04:12:10	Ready to move to sample location A11
2020/02/27 04:12:10	Moving to sample location A11
2020/02/27 04:12:19	Arrived at sample location A11
2020/02/27 04:12:19	Waiting to start sample location A11
2020/02/27 04:12:19	Processing sample location A11
2020/02/27 04:12:23	Sample completed location A11
2020/02/27 04:12:24	Waiting to start new step
2020/02/27 04:12:24	Starting new step
2020/02/27 04:12:25	Ready to move to sample location A12
2020/02/27 04:12:25	Moving to sample location A12
2020/02/27 04:12:35	Arrived at sample location A12
2020/02/27 04:12:35	Waiting to start sample location A12
2020/02/27 04:12:35	Processing sample location A12
2020/02/27 04:12:39	Sample completed location A12
2020/02/27 04:12:40	Waiting to start new step
2020/02/27 04:12:40	Starting new step
2020/02/27 04:12:40	Ready to move to sample location A11
2020/02/27 04:12:40	Moving to sample location A11
2020/02/27 04:12:50	Arrived at sample location A11
2020/02/27 04:12:51	Waiting to start sample location A11
2020/02/27 04:12:51	Processing sample location A11
2020/02/27 04:12:55	Sample completed location A11
2020/02/27 04:12:55	Waiting to start new step
2020/02/27 04:12:56	Starting new step
2020/02/27 04:12:56	Ready to move to sample location A12
2020/02/27 04:12:56	Moving to sample location A12
2020/02/27 04:13:06	Arrived at sample location A12
2020/02/27 04:13:06	Waiting to start sample location A12
2020/02/27 04:13:06	Processing sample location A12
2020/02/27 04:13:11	Sample completed location A12
2020/02/27 04:13:11	Waiting to start new step
2020/02/27 04:13:12	Starting new step
2020/02/27 04:13:12	Ready to move to sample location A11
2020/02/27 04:13:12	Moving to sample location A11
2020/02/27 04:13:22	Arrived at sample location A11
2020/02/27 04:13:22	Waiting to start sample location A11
2020/02/27 04:13:22	Processing sample location A11
2020/02/27 04:13:27	Sample completed location A11
2020/02/27 04:13:27	Waiting to start new step
2020/02/27 04:13:27	Starting new step
2020/02/27 04:13:28	Ready to move to sample location A12
2020/02/27 04:13:28	Moving to sample location A12
2020/02/27 04:13:38	Arrived at sample location A12
2020/02/27 04:13:38	Waiting to start sample location A12
2020/02/27 04:13:38	Processing sample location A12
2020/02/27 04:13:42	Sample completed location A12
2020/02/27 04:13:43	Waiting to start new step
2020/02/27 04:13:43	Starting new step
2020/02/27 04:13:43	Ready to move to sample location A1
2020/02/27 04:13:43	Moving to sample location A1
2020/02/27 04:13:52	Arrived at sample location A1
2020/02/27 04:13:52	Waiting to start sample location A1
2020/02/27 04:13:52	Processing sample location A1
2020/02/27 04:14:52	Sample completed location A1
2020/02/27 04:14:52	Waiting to start new step
2020/02/27 04:14:52	Starting new step
2020/02/27 04:14:52	Ready to move to sample location A2
2020/02/27 04:14:53	Moving to sample location A2
2020/02/27 04:14:57	Arrived at sample location A2
2020/02/27 04:14:57	Waiting to start sample location A2
2020/02/27 04:14:57	Processing sample location A2
2020/02/27 04:19:57	Sample completed location A2
2020/02/27 04:19:57	Waiting to start new step
2020/02/27 04:19:58	Starting new step
2020/02/27 04:19:58	Ready to move to sample location A9
2020/02/27 04:19:58	Moving to sample location A9
2020/02/27 04:20:05	Arrived at sample location A9
2020/02/27 04:20:05	Waiting to start sample location A9
2020/02/27 04:20:05	Processing sample location A9
2020/02/27 04:40:05	Sample completed location A9
2020/02/27 04:40:05	Waiting to start new step
2020/02/27 04:40:06	Starting new step
2020/02/27 04:40:06	Ready to move to sample location A10
2020/02/27 04:40:06	Moving to sample location A10
2020/02/27 04:40:15	Arrived at sample location A10
2020/02/27 04:40:15	Waiting to start sample location A10
2020/02/27 04:40:15	Processing sample location A10
2020/02/27 04:55:15	Sample completed location A10
2020/02/27 04:55:15	Waiting to start new step
2020/02/27 04:55:15	Starting new step
2020/02/27 04:55:15	Ready to move to sample location A11
2020/02/27 04:55:16	Moving to sample location A11
2020/02/27 04:55:25	Arrived at sample location A11
2020/02/27 04:55:25	Waiting to start sample location A11
2020/02/27 04:55:25	Processing sample location A11
2020/02/27 04:55:30	Sample completed location A11
2020/02/27 04:55:30	Waiting to start new step
2020/02/27 04:55:31	Starting new step
2020/02/27 04:55:31	Ready to move to sample location A12
2020/02/27 04:55:31	Moving to sample location A12
2020/02/27 04:55:41	Arrived at sample location A12
2020/02/27 04:55:41	Waiting to start sample location A12
2020/02/27 04:55:41	Processing sample location A12
2020/02/27 04:55:46	Sample completed location A12
2020/02/27 04:55:46	Waiting to start new step
2020/02/27 04:55:46	Starting new step
2020/02/27 04:55:46	Ready to move to sample location A11
2020/02/27 04:55:47	Moving to sample location A11
2020/02/27 04:55:57	Arrived at sample location A11
2020/02/27 04:55:57	Waiting to start sample location A11
2020/02/27 04:55:57	Processing sample location A11
2020/02/27 04:56:01	Sample completed location A11
2020/02/27 04:56:02	Waiting to start new step
2020/02/27 04:56:02	Starting new step
2020/02/27 04:56:02	Ready to move to sample location A12
2020/02/27 04:56:02	Moving to sample location A12
2020/02/27 04:56:13	Arrived at sample location A12
2020/02/27 04:56:13	Waiting to start sample location A12
2020/02/27 04:56:13	Processing sample location A12
2020/02/27 04:56:17	Sample completed location A12
2020/02/27 04:56:18	Waiting to start new step
2020/02/27 04:56:18	Starting new step
2020/02/27 04:56:18	Ready to move to sample location A11
2020/02/27 04:56:18	Moving to sample location A11
2020/02/27 04:56:28	Arrived at sample location A11
2020/02/27 04:56:29	Waiting to start sample location A11
2020/02/27 04:56:29	Processing sample location A11
2020/02/27 04:56:33	Sample completed location A11
2020/02/27 04:56:33	Waiting to start new step
2020/02/27 04:56:34	Starting new step
2020/02/27 04:56:34	Ready to move to sample location A12
2020/02/27 04:56:34	Moving to sample location A12
2020/02/27 04:56:44	Arrived at sample location A12
2020/02/27 04:56:44	Waiting to start sample location A12
2020/02/27 04:56:44	Processing sample location A12
2020/02/27 04:56:49	Sample completed location A12
2020/02/27 04:56:49	Waiting to start new step
2020/02/27 04:56:50	Starting new step
2020/02/27 04:56:50	Ready to move to sample location A1
2020/02/27 04:56:50	Moving to sample location A1
2020/02/27 04:56:59	Arrived at sample location A1
2020/02/27 04:56:59	Waiting to start sample location A1
2020/02/27 04:56:59	Processing sample location A1
2020/02/27 04:57:59	Sample completed location A1
2020/02/27 04:57:59	Waiting for ejection start location A5
2020/02/27 04:57:59	Ejecting sensor location A5
2020/02/27 04:58:24	Ejecting completed location A5
2020/02/27 04:58:24	Experiment finished
2020/02/27 04:58:24	Ready
