2020/02/24 20:14:52	Instrument is busy
2020/02/24 20:14:53	Instrument is finished
2020/02/24 20:14:53	Ready
2020/02/24 20:15:54	Experiment started
2020/02/24 20:15:54	Starting new step
2020/02/24 20:15:54	Plate 1 temperature = 25 C
2020/02/24 20:15:54	Waiting to pick up sensor location A3
2020/02/24 20:15:54	Picking sensors location A3
2020/02/24 20:16:03	Checking sensors location A3
2020/02/24 20:16:04	Sensor 1: Integration Time = 2.2 ms
2020/02/24 20:16:04	Sensor 2: Integration Time = 2.0 ms
2020/02/24 20:16:04	Sensor 3: Integration Time = 2.5 ms
2020/02/24 20:16:04	Sensor 4: Integration Time = 2.0 ms
2020/02/24 20:16:04	Sensor 5: Integration Time = 2.4 ms
2020/02/24 20:16:04	Sensor 6: Integration Time = 1.9 ms
2020/02/24 20:16:04	Sensor 7: Integration Time = 1.9 ms
2020/02/24 20:16:04	Sensor 8: Integration Time = 2.2 ms
2020/02/24 20:16:11	Picking sensors completed location A3
2020/02/24 20:16:11	Ready to move to sample location A1
2020/02/24 20:16:11	Plate 1 temperature = 25 C
2020/02/24 20:16:12	Moving to sample location A1
2020/02/24 20:16:16	Arrived at sample location A1
2020/02/24 20:16:16	Waiting to start sample location A1
2020/02/24 20:16:16	Processing sample location A1
2020/02/24 20:17:16	Sample completed location A1
2020/02/24 20:17:16	Waiting to start new step
2020/02/24 20:17:16	Starting new step
2020/02/24 20:17:17	Ready to move to sample location A11
2020/02/24 20:17:17	Moving to sample location A11
2020/02/24 20:17:25	Arrived at sample location A11
2020/02/24 20:17:25	Waiting to start sample location A11
2020/02/24 20:17:25	Processing sample location A11
2020/02/24 20:17:30	Sample completed location A11
2020/02/24 20:17:30	Waiting to start new step
2020/02/24 20:17:31	Starting new step
2020/02/24 20:17:31	Ready to move to sample location A12
2020/02/24 20:17:31	Moving to sample location A12
2020/02/24 20:17:41	Arrived at sample location A12
2020/02/24 20:17:41	Waiting to start sample location A12
2020/02/24 20:17:41	Processing sample location A12
2020/02/24 20:17:46	Sample completed location A12
2020/02/24 20:17:46	Waiting to start new step
2020/02/24 20:17:46	Starting new step
2020/02/24 20:17:47	Ready to move to sample location A11
2020/02/24 20:17:47	Moving to sample location A11
2020/02/24 20:17:57	Arrived at sample location A11
2020/02/24 20:17:57	Waiting to start sample location A11
2020/02/24 20:17:57	Processing sample location A11
2020/02/24 20:18:02	Sample completed location A11
2020/02/24 20:18:02	Waiting to start new step
2020/02/24 20:18:02	Starting new step
2020/02/24 20:18:03	Ready to move to sample location A12
2020/02/24 20:18:03	Moving to sample location A12
2020/02/24 20:18:13	Arrived at sample location A12
2020/02/24 20:18:13	Waiting to start sample location A12
2020/02/24 20:18:13	Processing sample location A12
2020/02/24 20:18:18	Sample completed location A12
2020/02/24 20:18:18	Waiting to start new step
2020/02/24 20:18:18	Starting new step
2020/02/24 20:18:19	Ready to move to sample location A11
2020/02/24 20:18:19	Moving to sample location A11
2020/02/24 20:18:29	Arrived at sample location A11
2020/02/24 20:18:29	Waiting to start sample location A11
2020/02/24 20:18:29	Processing sample location A11
2020/02/24 20:18:33	Sample completed location A11
2020/02/24 20:18:34	Waiting to start new step
2020/02/24 20:18:34	Starting new step
2020/02/24 20:18:34	Ready to move to sample location A12
2020/02/24 20:18:34	Moving to sample location A12
2020/02/24 20:18:45	Arrived at sample location A12
2020/02/24 20:18:45	Waiting to start sample location A12
2020/02/24 20:18:45	Processing sample location A12
2020/02/24 20:18:49	Sample completed location A12
2020/02/24 20:18:49	Waiting to start new step
2020/02/24 20:18:50	Starting new step
2020/02/24 20:18:50	Ready to move to sample location A1
2020/02/24 20:18:50	Moving to sample location A1
2020/02/24 20:18:59	Arrived at sample location A1
2020/02/24 20:18:59	Waiting to start sample location A1
2020/02/24 20:18:59	Processing sample location A1
2020/02/24 20:23:59	Sample completed location A1
2020/02/24 20:23:59	Waiting to start new step
2020/02/24 20:23:59	Starting new step
2020/02/24 20:23:59	Ready to move to sample location A2
2020/02/24 20:24:00	Moving to sample location A2
2020/02/24 20:24:04	Arrived at sample location A2
2020/02/24 20:24:04	Waiting to start sample location A2
2020/02/24 20:24:04	Processing sample location A2
2020/02/24 20:29:04	Sample completed location A2
2020/02/24 20:29:04	Waiting to start new step
2020/02/24 20:29:05	Starting new step
2020/02/24 20:29:05	Ready to move to sample location A3
2020/02/24 20:29:05	Moving to sample location A3
2020/02/24 20:29:10	Arrived at sample location A3
2020/02/24 20:29:10	Waiting to start sample location A3
2020/02/24 20:29:10	Processing sample location A3
2020/02/24 20:49:10	Sample completed location A3
2020/02/24 20:49:10	Waiting to start new step
2020/02/24 20:49:10	Starting new step
2020/02/24 20:49:10	Ready to move to sample location A4
2020/02/24 20:49:11	Moving to sample location A4
2020/02/24 20:49:16	Arrived at sample location A4
2020/02/24 20:49:16	Waiting to start sample location A4
2020/02/24 20:49:16	Processing sample location A4
2020/02/24 21:04:16	Sample completed location A4
2020/02/24 21:04:16	Waiting to start new step
2020/02/24 21:04:17	Starting new step
2020/02/24 21:04:17	Ready to move to sample location A11
2020/02/24 21:04:17	Moving to sample location A11
2020/02/24 21:04:26	Arrived at sample location A11
2020/02/24 21:04:26	Waiting to start sample location A11
2020/02/24 21:04:26	Processing sample location A11
2020/02/24 21:04:30	Sample completed location A11
2020/02/24 21:04:31	Waiting to start new step
2020/02/24 21:04:31	Starting new step
2020/02/24 21:04:31	Ready to move to sample location A12
2020/02/24 21:04:31	Moving to sample location A12
2020/02/24 21:04:42	Arrived at sample location A12
2020/02/24 21:04:42	Waiting to start sample location A12
2020/02/24 21:04:42	Processing sample location A12
2020/02/24 21:04:46	Sample completed location A12
2020/02/24 21:04:46	Waiting to start new step
2020/02/24 21:04:47	Starting new step
2020/02/24 21:04:47	Ready to move to sample location A11
2020/02/24 21:04:47	Moving to sample location A11
2020/02/24 21:04:57	Arrived at sample location A11
2020/02/24 21:04:57	Waiting to start sample location A11
2020/02/24 21:04:57	Processing sample location A11
2020/02/24 21:05:02	Sample completed location A11
2020/02/24 21:05:02	Waiting to start new step
2020/02/24 21:05:03	Starting new step
2020/02/24 21:05:03	Ready to move to sample location A12
2020/02/24 21:05:03	Moving to sample location A12
2020/02/24 21:05:13	Arrived at sample location A12
2020/02/24 21:05:13	Waiting to start sample location A12
2020/02/24 21:05:13	Processing sample location A12
2020/02/24 21:05:18	Sample completed location A12
2020/02/24 21:05:18	Waiting to start new step
2020/02/24 21:05:18	Starting new step
2020/02/24 21:05:18	Ready to move to sample location A11
2020/02/24 21:05:19	Moving to sample location A11
2020/02/24 21:05:29	Arrived at sample location A11
2020/02/24 21:05:29	Waiting to start sample location A11
2020/02/24 21:05:29	Processing sample location A11
2020/02/24 21:05:34	Sample completed location A11
2020/02/24 21:05:34	Waiting to start new step
2020/02/24 21:05:34	Starting new step
2020/02/24 21:05:34	Ready to move to sample location A12
2020/02/24 21:05:34	Moving to sample location A12
2020/02/24 21:05:44	Arrived at sample location A12
2020/02/24 21:05:45	Waiting to start sample location A12
2020/02/24 21:05:45	Processing sample location A12
2020/02/24 21:05:49	Sample completed location A12
2020/02/24 21:05:50	Waiting to start new step
2020/02/24 21:05:50	Starting new step
2020/02/24 21:05:50	Ready to move to sample location A1
2020/02/24 21:05:50	Moving to sample location A1
2020/02/24 21:05:59	Arrived at sample location A1
2020/02/24 21:05:59	Waiting to start sample location A1
2020/02/24 21:05:59	Processing sample location A1
2020/02/24 21:10:59	Sample completed location A1
2020/02/24 21:10:59	Waiting for ejection start location A3
2020/02/24 21:10:59	Ejecting sensor location A3
2020/02/24 21:11:25	Ejecting completed location A3
2020/02/24 21:11:25	Experiment finished
2020/02/24 21:11:25	Ready
