2020/02/24 23:56:06	Instrument is busy
2020/02/24 23:56:07	Instrument is finished
2020/02/24 23:56:07	Ready
2020/02/24 23:57:08	Experiment started
2020/02/24 23:57:08	Starting new step
2020/02/24 23:57:08	Plate 1 temperature = 25 C
2020/02/24 23:57:08	Waiting to pick up sensor location A3
2020/02/24 23:57:09	Picking sensors location A3
2020/02/24 23:57:17	Checking sensors location A3
2020/02/24 23:57:18	Sensor 1: Integration Time = 2.2 ms
2020/02/24 23:57:18	Sensor 2: Integration Time = 2.0 ms
2020/02/24 23:57:18	Sensor 3: Integration Time = 2.4 ms
2020/02/24 23:57:18	Sensor 4: Integration Time = 2.0 ms
2020/02/24 23:57:18	Sensor 5: Integration Time = 2.5 ms
2020/02/24 23:57:18	Sensor 6: Integration Time = 1.9 ms
2020/02/24 23:57:18	Sensor 7: Integration Time = 1.9 ms
2020/02/24 23:57:18	Sensor 8: Integration Time = 2.2 ms
2020/02/24 23:57:25	Picking sensors completed location A3
2020/02/24 23:57:25	Plate 1 temperature = 25 C
2020/02/24 23:57:26	Ready to move to sample location A1
2020/02/24 23:57:26	Moving to sample location A1
2020/02/24 23:57:30	Arrived at sample location A1
2020/02/24 23:57:30	Waiting to start sample location A1
2020/02/24 23:57:30	Processing sample location A1
2020/02/24 23:58:30	Sample completed location A1
2020/02/24 23:58:30	Waiting to start new step
2020/02/24 23:58:31	Starting new step
2020/02/24 23:58:31	Ready to move to sample location A11
2020/02/24 23:58:31	Moving to sample location A11
2020/02/24 23:58:39	Arrived at sample location A11
2020/02/24 23:58:39	Waiting to start sample location A11
2020/02/24 23:58:39	Processing sample location A11
2020/02/24 23:58:44	Sample completed location A11
2020/02/24 23:58:44	Waiting to start new step
2020/02/24 23:58:44	Starting new step
2020/02/24 23:58:45	Ready to move to sample location A12
2020/02/24 23:58:45	Moving to sample location A12
2020/02/24 23:58:55	Arrived at sample location A12
2020/02/24 23:58:55	Waiting to start sample location A12
2020/02/24 23:58:55	Processing sample location A12
2020/02/24 23:58:59	Sample completed location A12
2020/02/24 23:59:00	Waiting to start new step
2020/02/24 23:59:00	Starting new step
2020/02/24 23:59:00	Ready to move to sample location A11
2020/02/24 23:59:00	Moving to sample location A11
2020/02/24 23:59:10	Arrived at sample location A11
2020/02/24 23:59:11	Waiting to start sample location A11
2020/02/24 23:59:11	Processing sample location A11
2020/02/24 23:59:15	Sample completed location A11
2020/02/24 23:59:15	Waiting to start new step
2020/02/24 23:59:16	Starting new step
2020/02/24 23:59:16	Ready to move to sample location A12
2020/02/24 23:59:16	Moving to sample location A12
2020/02/24 23:59:26	Arrived at sample location A12
2020/02/24 23:59:26	Waiting to start sample location A12
2020/02/24 23:59:26	Processing sample location A12
2020/02/24 23:59:31	Sample completed location A12
2020/02/24 23:59:31	Waiting to start new step
2020/02/24 23:59:32	Starting new step
2020/02/24 23:59:32	Ready to move to sample location A11
2020/02/24 23:59:32	Moving to sample location A11
2020/02/24 23:59:42	Arrived at sample location A11
2020/02/24 23:59:42	Waiting to start sample location A11
2020/02/24 23:59:42	Processing sample location A11
2020/02/24 23:59:47	Sample completed location A11
2020/02/24 23:59:47	Waiting to start new step
2020/02/24 23:59:47	Starting new step
2020/02/24 23:59:48	Ready to move to sample location A12
2020/02/24 23:59:48	Moving to sample location A12
2020/02/24 23:59:58	Arrived at sample location A12
2020/02/24 23:59:58	Waiting to start sample location A12
2020/02/24 23:59:58	Processing sample location A12
2020/02/25 00:00:03	Sample completed location A12
2020/02/25 00:00:03	Waiting to start new step
2020/02/25 00:00:03	Starting new step
2020/02/25 00:00:04	Ready to move to sample location A1
2020/02/25 00:00:04	Moving to sample location A1
2020/02/25 00:00:12	Arrived at sample location A1
2020/02/25 00:00:12	Waiting to start sample location A1
2020/02/25 00:00:12	Processing sample location A1
2020/02/25 00:05:12	Sample completed location A1
2020/02/25 00:05:12	Waiting to start new step
2020/02/25 00:05:13	Starting new step
2020/02/25 00:05:13	Ready to move to sample location A2
2020/02/25 00:05:13	Moving to sample location A2
2020/02/25 00:05:18	Arrived at sample location A2
2020/02/25 00:05:18	Waiting to start sample location A2
2020/02/25 00:05:18	Processing sample location A2
2020/02/25 00:10:17	Sample completed location A2
2020/02/25 00:10:18	Waiting to start new step
2020/02/25 00:10:18	Starting new step
2020/02/25 00:10:18	Ready to move to sample location A9
2020/02/25 00:10:19	Moving to sample location A9
2020/02/25 00:10:26	Arrived at sample location A9
2020/02/25 00:10:26	Waiting to start sample location A9
2020/02/25 00:10:26	Processing sample location A9
2020/02/25 00:30:26	Sample completed location A9
2020/02/25 00:30:26	Waiting to start new step
2020/02/25 00:30:26	Starting new step
2020/02/25 00:30:26	Ready to move to sample location A10
2020/02/25 00:30:27	Moving to sample location A10
2020/02/25 00:30:36	Arrived at sample location A10
2020/02/25 00:30:36	Waiting to start sample location A10
2020/02/25 00:30:36	Processing sample location A10
2020/02/25 00:45:35	Sample completed location A10
2020/02/25 00:45:36	Waiting to start new step
2020/02/25 00:45:36	Starting new step
2020/02/25 00:45:36	Ready to move to sample location A11
2020/02/25 00:45:36	Moving to sample location A11
2020/02/25 00:45:46	Arrived at sample location A11
2020/02/25 00:45:46	Waiting to start sample location A11
2020/02/25 00:45:46	Processing sample location A11
2020/02/25 00:45:51	Sample completed location A11
2020/02/25 00:45:51	Waiting to start new step
2020/02/25 00:45:51	Starting new step
2020/02/25 00:45:51	Ready to move to sample location A12
2020/02/25 00:45:52	Moving to sample location A12
2020/02/25 00:46:01	Arrived at sample location A12
2020/02/25 00:46:01	Waiting to start sample location A12
2020/02/25 00:46:02	Processing sample location A12
2020/02/25 00:46:06	Sample completed location A12
2020/02/25 00:46:07	Waiting to start new step
2020/02/25 00:46:07	Starting new step
2020/02/25 00:46:07	Ready to move to sample location A11
2020/02/25 00:46:08	Moving to sample location A11
2020/02/25 00:46:18	Arrived at sample location A11
2020/02/25 00:46:18	Waiting to start sample location A11
2020/02/25 00:46:18	Processing sample location A11
2020/02/25 00:46:22	Sample completed location A11
2020/02/25 00:46:22	Waiting to start new step
2020/02/25 00:46:23	Starting new step
2020/02/25 00:46:23	Ready to move to sample location A12
2020/02/25 00:46:23	Moving to sample location A12
2020/02/25 00:46:33	Arrived at sample location A12
2020/02/25 00:46:33	Waiting to start sample location A12
2020/02/25 00:46:33	Processing sample location A12
2020/02/25 00:46:38	Sample completed location A12
2020/02/25 00:46:38	Waiting to start new step
2020/02/25 00:46:39	Starting new step
2020/02/25 00:46:39	Ready to move to sample location A11
2020/02/25 00:46:39	Moving to sample location A11
2020/02/25 00:46:49	Arrived at sample location A11
2020/02/25 00:46:49	Waiting to start sample location A11
2020/02/25 00:46:49	Processing sample location A11
2020/02/25 00:46:54	Sample completed location A11
2020/02/25 00:46:54	Waiting to start new step
2020/02/25 00:46:54	Starting new step
2020/02/25 00:46:55	Ready to move to sample location A12
2020/02/25 00:46:55	Moving to sample location A12
2020/02/25 00:47:05	Arrived at sample location A12
2020/02/25 00:47:05	Waiting to start sample location A12
2020/02/25 00:47:05	Processing sample location A12
2020/02/25 00:47:10	Sample completed location A12
2020/02/25 00:47:10	Waiting to start new step
2020/02/25 00:47:10	Starting new step
2020/02/25 00:47:10	Ready to move to sample location A1
2020/02/25 00:47:10	Moving to sample location A1
2020/02/25 00:47:19	Arrived at sample location A1
2020/02/25 00:47:19	Waiting to start sample location A1
2020/02/25 00:47:19	Processing sample location A1
2020/02/25 00:52:19	Sample completed location A1
2020/02/25 00:52:19	Waiting for ejection start location A3
2020/02/25 00:52:19	Ejecting sensor location A3
2020/02/25 00:52:45	Ejecting completed location A3
2020/02/25 00:52:45	Experiment finished
2020/02/25 00:52:45	Ready
