2020/02/22 05:04:25	Instrument is busy
2020/02/22 05:04:26	Instrument is finished
2020/02/22 05:04:26	Ready
2020/02/22 05:05:27	Experiment started
2020/02/22 05:05:27	Starting new step
2020/02/22 05:05:27	Plate 1 temperature = 25 C
2020/02/22 05:05:27	Waiting to pick up sensor location A3
2020/02/22 05:05:27	Picking sensors location A3
2020/02/22 05:05:35	Checking sensors location A3
2020/02/22 05:05:36	Sensor 1: Integration Time = 2.2 ms
2020/02/22 05:05:36	Sensor 2: Integration Time = 2.0 ms
2020/02/22 05:05:36	Sensor 3: Integration Time = 2.4 ms
2020/02/22 05:05:36	Sensor 4: Integration Time = 2.0 ms
2020/02/22 05:05:36	Sensor 5: Integration Time = 2.5 ms
2020/02/22 05:05:36	Sensor 6: Integration Time = 1.9 ms
2020/02/22 05:05:36	Sensor 7: Integration Time = 1.9 ms
2020/02/22 05:05:36	Sensor 8: Integration Time = 2.1 ms
2020/02/22 05:05:44	Picking sensors completed location A3
2020/02/22 05:05:44	Plate 1 temperature = 25 C
2020/02/22 05:05:44	Ready to move to sample location A1
2020/02/22 05:05:44	Moving to sample location A1
2020/02/22 05:05:48	Arrived at sample location A1
2020/02/22 05:05:48	Waiting to start sample location A1
2020/02/22 05:05:49	Processing sample location A1
2020/02/22 05:06:48	Sample completed location A1
2020/02/22 05:06:48	Waiting to start new step
2020/02/22 05:06:49	Starting new step
2020/02/22 05:06:49	Ready to move to sample location A11
2020/02/22 05:06:49	Moving to sample location A11
2020/02/22 05:06:57	Arrived at sample location A11
2020/02/22 05:06:57	Waiting to start sample location A11
2020/02/22 05:06:58	Processing sample location A11
2020/02/22 05:07:02	Sample completed location A11
2020/02/22 05:07:02	Waiting to start new step
2020/02/22 05:07:03	Starting new step
2020/02/22 05:07:03	Ready to move to sample location A12
2020/02/22 05:07:03	Moving to sample location A12
2020/02/22 05:07:13	Arrived at sample location A12
2020/02/22 05:07:13	Waiting to start sample location A12
2020/02/22 05:07:13	Processing sample location A12
2020/02/22 05:07:18	Sample completed location A12
2020/02/22 05:07:18	Waiting to start new step
2020/02/22 05:07:19	Starting new step
2020/02/22 05:07:19	Ready to move to sample location A11
2020/02/22 05:07:19	Moving to sample location A11
2020/02/22 05:07:29	Arrived at sample location A11
2020/02/22 05:07:29	Waiting to start sample location A11
2020/02/22 05:07:29	Processing sample location A11
2020/02/22 05:07:34	Sample completed location A11
2020/02/22 05:07:34	Waiting to start new step
2020/02/22 05:07:34	Starting new step
2020/02/22 05:07:34	Ready to move to sample location A12
2020/02/22 05:07:35	Moving to sample location A12
2020/02/22 05:07:45	Arrived at sample location A12
2020/02/22 05:07:45	Waiting to start sample location A12
2020/02/22 05:07:45	Processing sample location A12
2020/02/22 05:07:49	Sample completed location A12
2020/02/22 05:07:50	Waiting to start new step
2020/02/22 05:07:50	Starting new step
2020/02/22 05:07:51	Ready to move to sample location A11
2020/02/22 05:07:51	Moving to sample location A11
2020/02/22 05:08:01	Arrived at sample location A11
2020/02/22 05:08:01	Waiting to start sample location A11
2020/02/22 05:08:01	Processing sample location A11
2020/02/22 05:08:05	Sample completed location A11
2020/02/22 05:08:06	Waiting to start new step
2020/02/22 05:08:06	Starting new step
2020/02/22 05:08:06	Ready to move to sample location A12
2020/02/22 05:08:06	Moving to sample location A12
2020/02/22 05:08:16	Arrived at sample location A12
2020/02/22 05:08:17	Waiting to start sample location A12
2020/02/22 05:08:17	Processing sample location A12
2020/02/22 05:08:21	Sample completed location A12
2020/02/22 05:08:21	Waiting to start new step
2020/02/22 05:08:22	Starting new step
2020/02/22 05:08:22	Ready to move to sample location A1
2020/02/22 05:08:22	Moving to sample location A1
2020/02/22 05:08:31	Arrived at sample location A1
2020/02/22 05:08:31	Waiting to start sample location A1
2020/02/22 05:08:31	Processing sample location A1
2020/02/22 05:13:31	Sample completed location A1
2020/02/22 05:13:31	Waiting to start new step
2020/02/22 05:13:31	Starting new step
2020/02/22 05:13:31	Ready to move to sample location A8
2020/02/22 05:13:32	Moving to sample location A8
2020/02/22 05:13:39	Arrived at sample location A8
2020/02/22 05:13:39	Waiting to start sample location A8
2020/02/22 05:13:39	Processing sample location A8
2020/02/22 05:18:38	Sample completed location A8
2020/02/22 05:18:38	Waiting to start new step
2020/02/22 05:18:39	Starting new step
2020/02/22 05:18:39	Ready to move to sample location A9
2020/02/22 05:18:40	Moving to sample location A9
2020/02/22 05:18:47	Arrived at sample location A9
2020/02/22 05:18:48	Waiting to start sample location A9
2020/02/22 05:18:48	Processing sample location A9
2020/02/22 05:38:47	Sample completed location A9
2020/02/22 05:38:48	Waiting to start new step
2020/02/22 05:38:48	Starting new step
2020/02/22 05:38:48	Ready to move to sample location A10
2020/02/22 05:38:49	Moving to sample location A10
2020/02/22 05:38:57	Arrived at sample location A10
2020/02/22 05:38:57	Waiting to start sample location A10
2020/02/22 05:38:58	Processing sample location A10
2020/02/22 05:53:57	Sample completed location A10
2020/02/22 05:53:57	Waiting to start new step
2020/02/22 05:53:58	Starting new step
2020/02/22 05:53:58	Ready to move to sample location A11
2020/02/22 05:53:58	Moving to sample location A11
2020/02/22 05:54:07	Arrived at sample location A11
2020/02/22 05:54:08	Waiting to start sample location A11
2020/02/22 05:54:08	Processing sample location A11
2020/02/22 05:54:12	Sample completed location A11
2020/02/22 05:54:13	Waiting to start new step
2020/02/22 05:54:13	Starting new step
2020/02/22 05:54:13	Ready to move to sample location A12
2020/02/22 05:54:13	Moving to sample location A12
2020/02/22 05:54:23	Arrived at sample location A12
2020/02/22 05:54:23	Waiting to start sample location A12
2020/02/22 05:54:23	Processing sample location A12
2020/02/22 05:54:28	Sample completed location A12
2020/02/22 05:54:28	Waiting to start new step
2020/02/22 05:54:29	Starting new step
2020/02/22 05:54:29	Ready to move to sample location A11
2020/02/22 05:54:29	Moving to sample location A11
2020/02/22 05:54:39	Arrived at sample location A11
2020/02/22 05:54:39	Waiting to start sample location A11
2020/02/22 05:54:39	Processing sample location A11
2020/02/22 05:54:44	Sample completed location A11
2020/02/22 05:54:44	Waiting to start new step
2020/02/22 05:54:44	Starting new step
2020/02/22 05:54:45	Ready to move to sample location A12
2020/02/22 05:54:45	Moving to sample location A12
2020/02/22 05:54:55	Arrived at sample location A12
2020/02/22 05:54:55	Waiting to start sample location A12
2020/02/22 05:54:55	Processing sample location A12
2020/02/22 05:55:00	Sample completed location A12
2020/02/22 05:55:00	Waiting to start new step
2020/02/22 05:55:00	Starting new step
2020/02/22 05:55:01	Ready to move to sample location A11
2020/02/22 05:55:01	Moving to sample location A11
2020/02/22 05:55:11	Arrived at sample location A11
2020/02/22 05:55:11	Waiting to start sample location A11
2020/02/22 05:55:11	Processing sample location A11
2020/02/22 05:55:15	Sample completed location A11
2020/02/22 05:55:16	Waiting to start new step
2020/02/22 05:55:16	Starting new step
2020/02/22 05:55:16	Ready to move to sample location A12
2020/02/22 05:55:16	Moving to sample location A12
2020/02/22 05:55:26	Arrived at sample location A12
2020/02/22 05:55:27	Waiting to start sample location A12
2020/02/22 05:55:27	Processing sample location A12
2020/02/22 05:55:31	Sample completed location A12
2020/02/22 05:55:31	Waiting to start new step
2020/02/22 05:55:32	Starting new step
2020/02/22 05:55:32	Ready to move to sample location A1
2020/02/22 05:55:32	Moving to sample location A1
2020/02/22 05:55:41	Arrived at sample location A1
2020/02/22 05:55:41	Waiting to start sample location A1
2020/02/22 05:55:41	Processing sample location A1
2020/02/22 06:00:41	Sample completed location A1
2020/02/22 06:00:41	Waiting for ejection start location A3
2020/02/22 06:00:41	Ejecting sensor location A3
2020/02/22 06:01:06	Ejecting completed location A3
2020/02/22 06:01:06	Experiment finished
2020/02/22 06:01:07	Ready
