2020/03/04 20:19:30	Instrument is busy
2020/03/04 20:19:31	Instrument is finished
2020/03/04 20:19:31	Ready
2020/03/04 20:20:32	Experiment started
2020/03/04 20:20:32	Starting new step
2020/03/04 20:20:32	Plate 1 temperature = 25 C
2020/03/04 20:20:32	Waiting to pick up sensor location A5
2020/03/04 20:20:33	Picking sensors location A5
2020/03/04 20:20:41	Checking sensors location A5
2020/03/04 20:20:42	Sensor 1: Integration Time = 2.3 ms
2020/03/04 20:20:42	Sensor 2: Integration Time = 2.1 ms
2020/03/04 20:20:42	Sensor 3: Integration Time = 2.5 ms
2020/03/04 20:20:42	Sensor 4: Integration Time = 2.1 ms
2020/03/04 20:20:42	Sensor 5: Integration Time = 2.4 ms
2020/03/04 20:20:42	Sensor 6: Integration Time = 2.1 ms
2020/03/04 20:20:42	Sensor 7: Integration Time = 2.0 ms
2020/03/04 20:20:42	Sensor 8: Integration Time = 2.3 ms
2020/03/04 20:20:49	Picking sensors completed location A5
2020/03/04 20:20:49	Plate 1 temperature = 25 C
2020/03/04 20:20:49	Ready to move to sample location A1
2020/03/04 20:20:49	Moving to sample location A1
2020/03/04 20:20:54	Arrived at sample location A1
2020/03/04 20:20:54	Waiting to start sample location A1
2020/03/04 20:20:54	Processing sample location A1
2020/03/04 20:21:54	Sample completed location A1
2020/03/04 20:21:54	Waiting to start new step
2020/03/04 20:21:54	Starting new step
2020/03/04 20:21:55	Ready to move to sample location A11
2020/03/04 20:21:55	Moving to sample location A11
2020/03/04 20:22:03	Arrived at sample location A11
2020/03/04 20:22:03	Waiting to start sample location A11
2020/03/04 20:22:03	Processing sample location A11
2020/03/04 20:22:08	Sample completed location A11
2020/03/04 20:22:08	Waiting to start new step
2020/03/04 20:22:08	Starting new step
2020/03/04 20:22:09	Ready to move to sample location A12
2020/03/04 20:22:09	Moving to sample location A12
2020/03/04 20:22:19	Arrived at sample location A12
2020/03/04 20:22:19	Waiting to start sample location A12
2020/03/04 20:22:19	Processing sample location A12
2020/03/04 20:22:23	Sample completed location A12
2020/03/04 20:22:24	Waiting to start new step
2020/03/04 20:22:24	Starting new step
2020/03/04 20:22:24	Ready to move to sample location A11
2020/03/04 20:22:24	Moving to sample location A11
2020/03/04 20:22:35	Arrived at sample location A11
2020/03/04 20:22:35	Waiting to start sample location A11
2020/03/04 20:22:35	Processing sample location A11
2020/03/04 20:22:39	Sample completed location A11
2020/03/04 20:22:40	Waiting to start new step
2020/03/04 20:22:40	Starting new step
2020/03/04 20:22:40	Ready to move to sample location A12
2020/03/04 20:22:40	Moving to sample location A12
2020/03/04 20:22:50	Arrived at sample location A12
2020/03/04 20:22:51	Waiting to start sample location A12
2020/03/04 20:22:51	Processing sample location A12
2020/03/04 20:22:55	Sample completed location A12
2020/03/04 20:22:55	Waiting to start new step
2020/03/04 20:22:56	Starting new step
2020/03/04 20:22:56	Ready to move to sample location A11
2020/03/04 20:22:56	Moving to sample location A11
2020/03/04 20:23:06	Arrived at sample location A11
2020/03/04 20:23:06	Waiting to start sample location A11
2020/03/04 20:23:06	Processing sample location A11
2020/03/04 20:23:11	Sample completed location A11
2020/03/04 20:23:11	Waiting to start new step
2020/03/04 20:23:11	Starting new step
2020/03/04 20:23:12	Ready to move to sample location A12
2020/03/04 20:23:12	Moving to sample location A12
2020/03/04 20:23:22	Arrived at sample location A12
2020/03/04 20:23:22	Waiting to start sample location A12
2020/03/04 20:23:22	Processing sample location A12
2020/03/04 20:23:27	Sample completed location A12
2020/03/04 20:23:27	Waiting to start new step
2020/03/04 20:23:27	Starting new step
2020/03/04 20:23:28	Ready to move to sample location A1
2020/03/04 20:23:28	Moving to sample location A1
2020/03/04 20:23:37	Arrived at sample location A1
2020/03/04 20:23:37	Waiting to start sample location A1
2020/03/04 20:23:37	Processing sample location A1
2020/03/04 20:24:36	Sample completed location A1
2020/03/04 20:24:37	Waiting to start new step
2020/03/04 20:24:37	Starting new step
2020/03/04 20:24:37	Ready to move to sample location A2
2020/03/04 20:24:37	Moving to sample location A2
2020/03/04 20:24:42	Arrived at sample location A2
2020/03/04 20:24:42	Waiting to start sample location A2
2020/03/04 20:24:42	Processing sample location A2
2020/03/04 20:29:41	Sample completed location A2
2020/03/04 20:29:42	Waiting to start new step
2020/03/04 20:29:42	Starting new step
2020/03/04 20:29:42	Ready to move to sample location A3
2020/03/04 20:29:43	Moving to sample location A3
2020/03/04 20:29:47	Arrived at sample location A3
2020/03/04 20:29:48	Waiting to start sample location A3
2020/03/04 20:29:48	Processing sample location A3
2020/03/04 20:49:47	Sample completed location A3
2020/03/04 20:49:48	Waiting to start new step
2020/03/04 20:49:48	Starting new step
2020/03/04 20:49:48	Ready to move to sample location A4
2020/03/04 20:49:49	Moving to sample location A4
2020/03/04 20:49:54	Arrived at sample location A4
2020/03/04 20:49:54	Waiting to start sample location A4
2020/03/04 20:49:54	Processing sample location A4
2020/03/04 21:04:54	Sample completed location A4
2020/03/04 21:04:54	Waiting to start new step
2020/03/04 21:04:54	Starting new step
2020/03/04 21:04:55	Ready to move to sample location A11
2020/03/04 21:04:55	Moving to sample location A11
2020/03/04 21:05:03	Arrived at sample location A11
2020/03/04 21:05:03	Waiting to start sample location A11
2020/03/04 21:05:03	Processing sample location A11
2020/03/04 21:05:08	Sample completed location A11
2020/03/04 21:05:09	Waiting to start new step
2020/03/04 21:05:09	Starting new step
2020/03/04 21:05:09	Ready to move to sample location A12
2020/03/04 21:05:09	Moving to sample location A12
2020/03/04 21:05:19	Arrived at sample location A12
2020/03/04 21:05:19	Waiting to start sample location A12
2020/03/04 21:05:19	Processing sample location A12
2020/03/04 21:05:24	Sample completed location A12
2020/03/04 21:05:24	Waiting to start new step
2020/03/04 21:05:25	Starting new step
2020/03/04 21:05:25	Ready to move to sample location A11
2020/03/04 21:05:25	Moving to sample location A11
2020/03/04 21:05:35	Arrived at sample location A11
2020/03/04 21:05:35	Waiting to start sample location A11
2020/03/04 21:05:35	Processing sample location A11
2020/03/04 21:05:40	Sample completed location A11
2020/03/04 21:05:40	Waiting to start new step
2020/03/04 21:05:40	Starting new step
2020/03/04 21:05:41	Ready to move to sample location A12
2020/03/04 21:05:41	Moving to sample location A12
2020/03/04 21:05:51	Arrived at sample location A12
2020/03/04 21:05:51	Waiting to start sample location A12
2020/03/04 21:05:51	Processing sample location A12
2020/03/04 21:05:56	Sample completed location A12
2020/03/04 21:05:56	Waiting to start new step
2020/03/04 21:05:56	Starting new step
2020/03/04 21:05:56	Ready to move to sample location A11
2020/03/04 21:05:57	Moving to sample location A11
2020/03/04 21:06:07	Arrived at sample location A11
2020/03/04 21:06:07	Waiting to start sample location A11
2020/03/04 21:06:07	Processing sample location A11
2020/03/04 21:06:11	Sample completed location A11
2020/03/04 21:06:12	Waiting to start new step
2020/03/04 21:06:12	Starting new step
2020/03/04 21:06:12	Ready to move to sample location A12
2020/03/04 21:06:13	Moving to sample location A12
2020/03/04 21:06:23	Arrived at sample location A12
2020/03/04 21:06:23	Waiting to start sample location A12
2020/03/04 21:06:23	Processing sample location A12
2020/03/04 21:06:27	Sample completed location A12
2020/03/04 21:06:27	Waiting to start new step
2020/03/04 21:06:28	Starting new step
2020/03/04 21:06:28	Ready to move to sample location A1
2020/03/04 21:06:28	Moving to sample location A1
2020/03/04 21:06:37	Arrived at sample location A1
2020/03/04 21:06:37	Waiting to start sample location A1
2020/03/04 21:06:37	Processing sample location A1
2020/03/04 21:07:37	Sample completed location A1
2020/03/04 21:07:37	Waiting for ejection start location A5
2020/03/04 21:07:37	Ejecting sensor location A5
2020/03/04 21:08:02	Ejecting completed location A5
2020/03/04 21:08:02	Experiment finished
2020/03/04 21:08:02	Ready
