2020/02/26 19:59:51	Instrument is busy
2020/02/26 19:59:52	Instrument is finished
2020/02/26 19:59:52	Ready
2020/02/26 20:00:53	Experiment started
2020/02/26 20:00:53	Starting new step
2020/02/26 20:00:53	Plate 1 temperature = 25 C
2020/02/26 20:00:53	Waiting to pick up sensor location A1
2020/02/26 20:00:53	Picking sensors location A1
2020/02/26 20:01:01	Checking sensors location A1
2020/02/26 20:01:03	Sensor 1: Integration Time = 2.1 ms
2020/02/26 20:01:03	Sensor 2: Integration Time = 1.9 ms
2020/02/26 20:01:03	Sensor 3: Integration Time = 2.3 ms
2020/02/26 20:01:03	Sensor 4: Integration Time = 2.0 ms
2020/02/26 20:01:03	Sensor 5: Integration Time = 2.2 ms
2020/02/26 20:01:03	Sensor 6: Integration Time = 2.0 ms
2020/02/26 20:01:03	Sensor 7: Integration Time = 2.0 ms
2020/02/26 20:01:03	Sensor 8: Integration Time = 2.1 ms
2020/02/26 20:01:10	Picking sensors completed location A1
2020/02/26 20:01:10	Ready to move to sample location A1
2020/02/26 20:01:10	Plate 1 temperature = 25 C
2020/02/26 20:01:10	Moving to sample location A1
2020/02/26 20:01:14	Arrived at sample location A1
2020/02/26 20:01:15	Waiting to start sample location A1
2020/02/26 20:01:15	Processing sample location A1
2020/02/26 20:02:14	Sample completed location A1
2020/02/26 20:02:15	Waiting to start new step
2020/02/26 20:02:15	Starting new step
2020/02/26 20:02:16	Ready to move to sample location A11
2020/02/26 20:02:16	Moving to sample location A11
2020/02/26 20:02:23	Arrived at sample location A11
2020/02/26 20:02:24	Waiting to start sample location A11
2020/02/26 20:02:24	Processing sample location A11
2020/02/26 20:02:28	Sample completed location A11
2020/02/26 20:02:29	Waiting to start new step
2020/02/26 20:02:29	Starting new step
2020/02/26 20:02:29	Ready to move to sample location A12
2020/02/26 20:02:30	Moving to sample location A12
2020/02/26 20:02:39	Arrived at sample location A12
2020/02/26 20:02:40	Waiting to start sample location A12
2020/02/26 20:02:40	Processing sample location A12
2020/02/26 20:02:44	Sample completed location A12
2020/02/26 20:02:44	Waiting to start new step
2020/02/26 20:02:45	Starting new step
2020/02/26 20:02:45	Ready to move to sample location A11
2020/02/26 20:02:45	Moving to sample location A11
2020/02/26 20:02:55	Arrived at sample location A11
2020/02/26 20:02:56	Waiting to start sample location A11
2020/02/26 20:02:56	Processing sample location A11
2020/02/26 20:03:00	Sample completed location A11
2020/02/26 20:03:01	Waiting to start new step
2020/02/26 20:03:01	Starting new step
2020/02/26 20:03:01	Ready to move to sample location A12
2020/02/26 20:03:01	Moving to sample location A12
2020/02/26 20:03:11	Arrived at sample location A12
2020/02/26 20:03:11	Waiting to start sample location A12
2020/02/26 20:03:11	Processing sample location A12
2020/02/26 20:03:16	Sample completed location A12
2020/02/26 20:03:16	Waiting to start new step
2020/02/26 20:03:17	Starting new step
2020/02/26 20:03:17	Ready to move to sample location A11
2020/02/26 20:03:17	Moving to sample location A11
2020/02/26 20:03:27	Arrived at sample location A11
2020/02/26 20:03:27	Waiting to start sample location A11
2020/02/26 20:03:27	Processing sample location A11
2020/02/26 20:03:32	Sample completed location A11
2020/02/26 20:03:32	Waiting to start new step
2020/02/26 20:03:32	Starting new step
2020/02/26 20:03:33	Ready to move to sample location A12
2020/02/26 20:03:33	Moving to sample location A12
2020/02/26 20:03:43	Arrived at sample location A12
2020/02/26 20:03:43	Waiting to start sample location A12
2020/02/26 20:03:43	Processing sample location A12
2020/02/26 20:03:48	Sample completed location A12
2020/02/26 20:03:48	Waiting to start new step
2020/02/26 20:03:48	Starting new step
2020/02/26 20:03:49	Ready to move to sample location A1
2020/02/26 20:03:49	Moving to sample location A1
2020/02/26 20:03:57	Arrived at sample location A1
2020/02/26 20:03:57	Waiting to start sample location A1
2020/02/26 20:03:57	Processing sample location A1
2020/02/26 20:08:57	Sample completed location A1
2020/02/26 20:08:57	Waiting to start new step
2020/02/26 20:08:58	Starting new step
2020/02/26 20:08:58	Ready to move to sample location A2
2020/02/26 20:08:58	Moving to sample location A2
2020/02/26 20:09:02	Arrived at sample location A2
2020/02/26 20:09:03	Waiting to start sample location A2
2020/02/26 20:09:03	Processing sample location A2
2020/02/26 20:14:02	Sample completed location A2
2020/02/26 20:14:03	Waiting to start new step
2020/02/26 20:14:03	Starting new step
2020/02/26 20:14:03	Ready to move to sample location A5
2020/02/26 20:14:03	Moving to sample location A5
2020/02/26 20:14:09	Arrived at sample location A5
2020/02/26 20:14:09	Waiting to start sample location A5
2020/02/26 20:14:09	Processing sample location A5
2020/02/26 20:34:09	Sample completed location A5
2020/02/26 20:34:09	Waiting to start new step
2020/02/26 20:34:10	Starting new step
2020/02/26 20:34:10	Ready to move to sample location A6
2020/02/26 20:34:10	Moving to sample location A6
2020/02/26 20:34:16	Arrived at sample location A6
2020/02/26 20:34:17	Waiting to start sample location A6
2020/02/26 20:34:17	Processing sample location A6
2020/02/26 20:49:16	Sample completed location A6
2020/02/26 20:49:17	Waiting to start new step
2020/02/26 20:49:17	Starting new step
2020/02/26 20:49:17	Ready to move to sample location A11
2020/02/26 20:49:17	Moving to sample location A11
2020/02/26 20:49:26	Arrived at sample location A11
2020/02/26 20:49:26	Waiting to start sample location A11
2020/02/26 20:49:26	Processing sample location A11
2020/02/26 20:49:31	Sample completed location A11
2020/02/26 20:49:31	Waiting to start new step
2020/02/26 20:49:32	Starting new step
2020/02/26 20:49:32	Ready to move to sample location A12
2020/02/26 20:49:32	Moving to sample location A12
2020/02/26 20:49:42	Arrived at sample location A12
2020/02/26 20:49:42	Waiting to start sample location A12
2020/02/26 20:49:42	Processing sample location A12
2020/02/26 20:49:47	Sample completed location A12
2020/02/26 20:49:47	Waiting to start new step
2020/02/26 20:49:48	Starting new step
2020/02/26 20:49:48	Ready to move to sample location A11
2020/02/26 20:49:48	Moving to sample location A11
2020/02/26 20:49:58	Arrived at sample location A11
2020/02/26 20:49:58	Waiting to start sample location A11
2020/02/26 20:49:58	Processing sample location A11
2020/02/26 20:50:03	Sample completed location A11
2020/02/26 20:50:03	Waiting to start new step
2020/02/26 20:50:03	Starting new step
2020/02/26 20:50:04	Ready to move to sample location A12
2020/02/26 20:50:04	Moving to sample location A12
2020/02/26 20:50:14	Arrived at sample location A12
2020/02/26 20:50:14	Waiting to start sample location A12
2020/02/26 20:50:14	Processing sample location A12
2020/02/26 20:50:19	Sample completed location A12
2020/02/26 20:50:19	Waiting to start new step
2020/02/26 20:50:19	Starting new step
2020/02/26 20:50:19	Ready to move to sample location A11
2020/02/26 20:50:20	Moving to sample location A11
2020/02/26 20:50:30	Arrived at sample location A11
2020/02/26 20:50:30	Waiting to start sample location A11
2020/02/26 20:50:30	Processing sample location A11
2020/02/26 20:50:34	Sample completed location A11
2020/02/26 20:50:35	Waiting to start new step
2020/02/26 20:50:35	Starting new step
2020/02/26 20:50:35	Ready to move to sample location A12
2020/02/26 20:50:35	Moving to sample location A12
2020/02/26 20:50:45	Arrived at sample location A12
2020/02/26 20:50:46	Waiting to start sample location A12
2020/02/26 20:50:46	Processing sample location A12
2020/02/26 20:50:50	Sample completed location A12
2020/02/26 20:50:50	Waiting to start new step
2020/02/26 20:50:51	Starting new step
2020/02/26 20:50:51	Ready to move to sample location A1
2020/02/26 20:50:51	Moving to sample location A1
2020/02/26 20:51:00	Arrived at sample location A1
2020/02/26 20:51:00	Waiting to start sample location A1
2020/02/26 20:51:00	Processing sample location A1
2020/02/26 20:56:00	Sample completed location A1
2020/02/26 20:56:00	Waiting for ejection start location A1
2020/02/26 20:56:00	Ejecting sensor location A1
2020/02/26 20:56:25	Ejecting completed location A1
2020/02/26 20:56:25	Experiment finished
2020/02/26 20:56:26	Ready
