2020/03/04 23:29:54	Instrument is busy
2020/03/04 23:29:55	Instrument is finished
2020/03/04 23:29:55	Ready
2020/03/04 23:30:00	Experiment started
2020/03/04 23:30:00	Starting new step
2020/03/04 23:30:00	Plate 1 temperature = 25 C
2020/03/04 23:30:00	Waiting to pick up sensor location A5
2020/03/04 23:30:00	Picking sensors location A5
2020/03/04 23:30:08	Checking sensors location A5
2020/03/04 23:30:10	Sensor 1: Integration Time = 2.3 ms
2020/03/04 23:30:10	Sensor 2: Integration Time = 2.1 ms
2020/03/04 23:30:10	Sensor 3: Integration Time = 2.5 ms
2020/03/04 23:30:10	Sensor 4: Integration Time = 2.1 ms
2020/03/04 23:30:10	Sensor 5: Integration Time = 2.4 ms
2020/03/04 23:30:10	Sensor 6: Integration Time = 2.1 ms
2020/03/04 23:30:10	Sensor 7: Integration Time = 2.0 ms
2020/03/04 23:30:10	Sensor 8: Integration Time = 2.3 ms
2020/03/04 23:30:17	Picking sensors completed location A5
2020/03/04 23:30:17	Plate 1 temperature = 25 C
2020/03/04 23:30:17	Ready to move to sample location A1
2020/03/04 23:30:17	Moving to sample location A1
2020/03/04 23:30:22	Arrived at sample location A1
2020/03/04 23:30:22	Waiting to start sample location A1
2020/03/04 23:30:22	Processing sample location A1
2020/03/04 23:31:21	Sample completed location A1
2020/03/04 23:31:22	Waiting to start new step
2020/03/04 23:31:22	Starting new step
2020/03/04 23:31:22	Ready to move to sample location A11
2020/03/04 23:31:22	Moving to sample location A11
2020/03/04 23:31:31	Arrived at sample location A11
2020/03/04 23:31:31	Waiting to start sample location A11
2020/03/04 23:31:31	Processing sample location A11
2020/03/04 23:31:35	Sample completed location A11
2020/03/04 23:31:36	Waiting to start new step
2020/03/04 23:31:36	Starting new step
2020/03/04 23:31:37	Ready to move to sample location A12
2020/03/04 23:31:37	Moving to sample location A12
2020/03/04 23:31:46	Arrived at sample location A12
2020/03/04 23:31:47	Waiting to start sample location A12
2020/03/04 23:31:47	Processing sample location A12
2020/03/04 23:31:51	Sample completed location A12
2020/03/04 23:31:52	Waiting to start new step
2020/03/04 23:31:52	Starting new step
2020/03/04 23:31:52	Ready to move to sample location A11
2020/03/04 23:31:53	Moving to sample location A11
2020/03/04 23:32:02	Arrived at sample location A11
2020/03/04 23:32:03	Waiting to start sample location A11
2020/03/04 23:32:03	Processing sample location A11
2020/03/04 23:32:07	Sample completed location A11
2020/03/04 23:32:07	Waiting to start new step
2020/03/04 23:32:08	Starting new step
2020/03/04 23:32:08	Ready to move to sample location A12
2020/03/04 23:32:08	Moving to sample location A12
2020/03/04 23:32:18	Arrived at sample location A12
2020/03/04 23:32:18	Waiting to start sample location A12
2020/03/04 23:32:18	Processing sample location A12
2020/03/04 23:32:23	Sample completed location A12
2020/03/04 23:32:23	Waiting to start new step
2020/03/04 23:32:24	Starting new step
2020/03/04 23:32:24	Ready to move to sample location A11
2020/03/04 23:32:24	Moving to sample location A11
2020/03/04 23:32:34	Arrived at sample location A11
2020/03/04 23:32:34	Waiting to start sample location A11
2020/03/04 23:32:34	Processing sample location A11
2020/03/04 23:32:39	Sample completed location A11
2020/03/04 23:32:39	Waiting to start new step
2020/03/04 23:32:39	Starting new step
2020/03/04 23:32:40	Ready to move to sample location A12
2020/03/04 23:32:40	Moving to sample location A12
2020/03/04 23:32:50	Arrived at sample location A12
2020/03/04 23:32:50	Waiting to start sample location A12
2020/03/04 23:32:50	Processing sample location A12
2020/03/04 23:32:55	Sample completed location A12
2020/03/04 23:32:55	Waiting to start new step
2020/03/04 23:32:55	Starting new step
2020/03/04 23:32:55	Ready to move to sample location A1
2020/03/04 23:32:55	Moving to sample location A1
2020/03/04 23:33:04	Arrived at sample location A1
2020/03/04 23:33:04	Waiting to start sample location A1
2020/03/04 23:33:04	Processing sample location A1
2020/03/04 23:34:04	Sample completed location A1
2020/03/04 23:34:04	Waiting to start new step
2020/03/04 23:34:05	Starting new step
2020/03/04 23:34:05	Ready to move to sample location A2
2020/03/04 23:34:05	Moving to sample location A2
2020/03/04 23:34:09	Arrived at sample location A2
2020/03/04 23:34:10	Waiting to start sample location A2
2020/03/04 23:34:10	Processing sample location A2
2020/03/04 23:39:09	Sample completed location A2
2020/03/04 23:39:10	Waiting to start new step
2020/03/04 23:39:10	Starting new step
2020/03/04 23:39:10	Ready to move to sample location A9
2020/03/04 23:39:10	Moving to sample location A9
2020/03/04 23:39:17	Arrived at sample location A9
2020/03/04 23:39:18	Waiting to start sample location A9
2020/03/04 23:39:18	Processing sample location A9
2020/03/04 23:59:17	Sample completed location A9
2020/03/04 23:59:18	Waiting to start new step
2020/03/04 23:59:18	Starting new step
2020/03/04 23:59:18	Ready to move to sample location A10
2020/03/04 23:59:18	Moving to sample location A10
2020/03/04 23:59:27	Arrived at sample location A10
2020/03/04 23:59:28	Waiting to start sample location A10
2020/03/04 23:59:28	Processing sample location A10
2020/03/05 00:14:27	Sample completed location A10
2020/03/05 00:14:28	Waiting to start new step
2020/03/05 00:14:28	Starting new step
2020/03/05 00:14:28	Ready to move to sample location A11
2020/03/05 00:14:28	Moving to sample location A11
2020/03/05 00:14:37	Arrived at sample location A11
2020/03/05 00:14:38	Waiting to start sample location A11
2020/03/05 00:14:38	Processing sample location A11
2020/03/05 00:14:42	Sample completed location A11
2020/03/05 00:14:43	Waiting to start new step
2020/03/05 00:14:43	Starting new step
2020/03/05 00:14:43	Ready to move to sample location A12
2020/03/05 00:14:43	Moving to sample location A12
2020/03/05 00:14:54	Arrived at sample location A12
2020/03/05 00:14:54	Waiting to start sample location A12
2020/03/05 00:14:54	Processing sample location A12
2020/03/05 00:14:58	Sample completed location A12
2020/03/05 00:14:58	Waiting to start new step
2020/03/05 00:14:59	Starting new step
2020/03/05 00:14:59	Ready to move to sample location A11
2020/03/05 00:14:59	Moving to sample location A11
2020/03/05 00:15:09	Arrived at sample location A11
2020/03/05 00:15:09	Waiting to start sample location A11
2020/03/05 00:15:09	Processing sample location A11
2020/03/05 00:15:14	Sample completed location A11
2020/03/05 00:15:14	Waiting to start new step
2020/03/05 00:15:15	Starting new step
2020/03/05 00:15:15	Ready to move to sample location A12
2020/03/05 00:15:15	Moving to sample location A12
2020/03/05 00:15:25	Arrived at sample location A12
2020/03/05 00:15:25	Waiting to start sample location A12
2020/03/05 00:15:25	Processing sample location A12
2020/03/05 00:15:30	Sample completed location A12
2020/03/05 00:15:30	Waiting to start new step
2020/03/05 00:15:30	Starting new step
2020/03/05 00:15:31	Ready to move to sample location A11
2020/03/05 00:15:31	Moving to sample location A11
2020/03/05 00:15:41	Arrived at sample location A11
2020/03/05 00:15:41	Waiting to start sample location A11
2020/03/05 00:15:41	Processing sample location A11
2020/03/05 00:15:45	Sample completed location A11
2020/03/05 00:15:46	Waiting to start new step
2020/03/05 00:15:46	Starting new step
2020/03/05 00:15:46	Ready to move to sample location A12
2020/03/05 00:15:46	Moving to sample location A12
2020/03/05 00:15:56	Arrived at sample location A12
2020/03/05 00:15:57	Waiting to start sample location A12
2020/03/05 00:15:57	Processing sample location A12
2020/03/05 00:16:01	Sample completed location A12
2020/03/05 00:16:02	Waiting to start new step
2020/03/05 00:16:02	Starting new step
2020/03/05 00:16:02	Ready to move to sample location A1
2020/03/05 00:16:02	Moving to sample location A1
2020/03/05 00:16:11	Arrived at sample location A1
2020/03/05 00:16:11	Waiting to start sample location A1
2020/03/05 00:16:11	Processing sample location A1
2020/03/05 00:17:11	Sample completed location A1
2020/03/05 00:17:11	Waiting for ejection start location A5
2020/03/05 00:17:11	Ejecting sensor location A5
2020/03/05 00:17:36	Ejecting completed location A5
2020/03/05 00:17:37	Experiment finished
2020/03/05 00:17:37	Ready
