2020/02/27 03:01:39	Instrument is busy
2020/02/27 03:01:41	Instrument is finished
2020/02/27 03:01:41	Ready
2020/02/27 03:01:42	Experiment started
2020/02/27 03:01:42	Starting new step
2020/02/27 03:01:42	Plate 1 temperature = 25 C
2020/02/27 03:01:42	Waiting to pick up sensor location A5
2020/02/27 03:01:43	Picking sensors location A5
2020/02/27 03:01:51	Checking sensors location A5
2020/02/27 03:01:52	Sensor 1: Integration Time = 2.2 ms
2020/02/27 03:01:52	Sensor 2: Integration Time = 2.0 ms
2020/02/27 03:01:52	Sensor 3: Integration Time = 2.4 ms
2020/02/27 03:01:52	Sensor 4: Integration Time = 2.0 ms
2020/02/27 03:01:52	Sensor 5: Integration Time = 2.3 ms
2020/02/27 03:01:52	Sensor 6: Integration Time = 2.0 ms
2020/02/27 03:01:52	Sensor 7: Integration Time = 1.9 ms
2020/02/27 03:01:52	Sensor 8: Integration Time = 2.1 ms
2020/02/27 03:01:59	Picking sensors completed location A5
2020/02/27 03:01:59	Plate 1 temperature = 25 C
2020/02/27 03:01:59	Ready to move to sample location A1
2020/02/27 03:02:00	Moving to sample location A1
2020/02/27 03:02:04	Arrived at sample location A1
2020/02/27 03:02:04	Waiting to start sample location A1
2020/02/27 03:02:04	Processing sample location A1
2020/02/27 03:03:04	Sample completed location A1
2020/02/27 03:03:04	Waiting to start new step
2020/02/27 03:03:04	Starting new step
2020/02/27 03:03:05	Ready to move to sample location A11
2020/02/27 03:03:05	Moving to sample location A11
2020/02/27 03:03:13	Arrived at sample location A11
2020/02/27 03:03:13	Waiting to start sample location A11
2020/02/27 03:03:13	Processing sample location A11
2020/02/27 03:03:18	Sample completed location A11
2020/02/27 03:03:18	Waiting to start new step
2020/02/27 03:03:18	Starting new step
2020/02/27 03:03:19	Ready to move to sample location A12
2020/02/27 03:03:19	Moving to sample location A12
2020/02/27 03:03:29	Arrived at sample location A12
2020/02/27 03:03:29	Waiting to start sample location A12
2020/02/27 03:03:29	Processing sample location A12
2020/02/27 03:03:33	Sample completed location A12
2020/02/27 03:03:34	Waiting to start new step
2020/02/27 03:03:34	Starting new step
2020/02/27 03:03:34	Ready to move to sample location A11
2020/02/27 03:03:34	Moving to sample location A11
2020/02/27 03:03:45	Arrived at sample location A11
2020/02/27 03:03:45	Waiting to start sample location A11
2020/02/27 03:03:45	Processing sample location A11
2020/02/27 03:03:49	Sample completed location A11
2020/02/27 03:03:50	Waiting to start new step
2020/02/27 03:03:50	Starting new step
2020/02/27 03:03:50	Ready to move to sample location A12
2020/02/27 03:03:50	Moving to sample location A12
2020/02/27 03:04:01	Arrived at sample location A12
2020/02/27 03:04:01	Waiting to start sample location A12
2020/02/27 03:04:01	Processing sample location A12
2020/02/27 03:04:05	Sample completed location A12
2020/02/27 03:04:05	Waiting to start new step
2020/02/27 03:04:06	Starting new step
2020/02/27 03:04:06	Ready to move to sample location A11
2020/02/27 03:04:06	Moving to sample location A11
2020/02/27 03:04:16	Arrived at sample location A11
2020/02/27 03:04:16	Waiting to start sample location A11
2020/02/27 03:04:16	Processing sample location A11
2020/02/27 03:04:21	Sample completed location A11
2020/02/27 03:04:21	Waiting to start new step
2020/02/27 03:04:21	Starting new step
2020/02/27 03:04:22	Ready to move to sample location A12
2020/02/27 03:04:22	Moving to sample location A12
2020/02/27 03:04:32	Arrived at sample location A12
2020/02/27 03:04:32	Waiting to start sample location A12
2020/02/27 03:04:32	Processing sample location A12
2020/02/27 03:04:37	Sample completed location A12
2020/02/27 03:04:37	Waiting to start new step
2020/02/27 03:04:37	Starting new step
2020/02/27 03:04:38	Ready to move to sample location A1
2020/02/27 03:04:38	Moving to sample location A1
2020/02/27 03:04:46	Arrived at sample location A1
2020/02/27 03:04:47	Waiting to start sample location A1
2020/02/27 03:04:47	Processing sample location A1
2020/02/27 03:05:46	Sample completed location A1
2020/02/27 03:05:47	Waiting to start new step
2020/02/27 03:05:47	Starting new step
2020/02/27 03:05:47	Ready to move to sample location A2
2020/02/27 03:05:47	Moving to sample location A2
2020/02/27 03:05:52	Arrived at sample location A2
2020/02/27 03:05:52	Waiting to start sample location A2
2020/02/27 03:05:52	Processing sample location A2
2020/02/27 03:10:51	Sample completed location A2
2020/02/27 03:10:52	Waiting to start new step
2020/02/27 03:10:52	Starting new step
2020/02/27 03:10:52	Ready to move to sample location A7
2020/02/27 03:10:52	Moving to sample location A7
2020/02/27 03:10:59	Arrived at sample location A7
2020/02/27 03:10:59	Waiting to start sample location A7
2020/02/27 03:10:59	Processing sample location A7
2020/02/27 03:30:59	Sample completed location A7
2020/02/27 03:30:59	Waiting to start new step
2020/02/27 03:30:59	Starting new step
2020/02/27 03:31:00	Ready to move to sample location A8
2020/02/27 03:31:00	Moving to sample location A8
2020/02/27 03:31:08	Arrived at sample location A8
2020/02/27 03:31:08	Waiting to start sample location A8
2020/02/27 03:31:08	Processing sample location A8
2020/02/27 03:46:07	Sample completed location A8
2020/02/27 03:46:08	Waiting to start new step
2020/02/27 03:46:08	Starting new step
2020/02/27 03:46:08	Ready to move to sample location A11
2020/02/27 03:46:08	Moving to sample location A11
2020/02/27 03:46:17	Arrived at sample location A11
2020/02/27 03:46:17	Waiting to start sample location A11
2020/02/27 03:46:17	Processing sample location A11
2020/02/27 03:46:22	Sample completed location A11
2020/02/27 03:46:22	Waiting to start new step
2020/02/27 03:46:23	Starting new step
2020/02/27 03:46:23	Ready to move to sample location A12
2020/02/27 03:46:23	Moving to sample location A12
2020/02/27 03:46:33	Arrived at sample location A12
2020/02/27 03:46:33	Waiting to start sample location A12
2020/02/27 03:46:33	Processing sample location A12
2020/02/27 03:46:38	Sample completed location A12
2020/02/27 03:46:38	Waiting to start new step
2020/02/27 03:46:38	Starting new step
2020/02/27 03:46:39	Ready to move to sample location A11
2020/02/27 03:46:39	Moving to sample location A11
2020/02/27 03:46:49	Arrived at sample location A11
2020/02/27 03:46:49	Waiting to start sample location A11
2020/02/27 03:46:49	Processing sample location A11
2020/02/27 03:46:54	Sample completed location A11
2020/02/27 03:46:54	Waiting to start new step
2020/02/27 03:46:55	Starting new step
2020/02/27 03:46:55	Ready to move to sample location A12
2020/02/27 03:46:55	Moving to sample location A12
2020/02/27 03:47:05	Arrived at sample location A12
2020/02/27 03:47:05	Waiting to start sample location A12
2020/02/27 03:47:05	Processing sample location A12
2020/02/27 03:47:10	Sample completed location A12
2020/02/27 03:47:10	Waiting to start new step
2020/02/27 03:47:10	Starting new step
2020/02/27 03:47:11	Ready to move to sample location A11
2020/02/27 03:47:11	Moving to sample location A11
2020/02/27 03:47:21	Arrived at sample location A11
2020/02/27 03:47:21	Waiting to start sample location A11
2020/02/27 03:47:21	Processing sample location A11
2020/02/27 03:47:26	Sample completed location A11
2020/02/27 03:47:26	Waiting to start new step
2020/02/27 03:47:26	Starting new step
2020/02/27 03:47:26	Ready to move to sample location A12
2020/02/27 03:47:26	Moving to sample location A12
2020/02/27 03:47:37	Arrived at sample location A12
2020/02/27 03:47:37	Waiting to start sample location A12
2020/02/27 03:47:37	Processing sample location A12
2020/02/27 03:47:41	Sample completed location A12
2020/02/27 03:47:42	Waiting to start new step
2020/02/27 03:47:42	Starting new step
2020/02/27 03:47:42	Ready to move to sample location A1
2020/02/27 03:47:42	Moving to sample location A1
2020/02/27 03:47:51	Arrived at sample location A1
2020/02/27 03:47:51	Waiting to start sample location A1
2020/02/27 03:47:51	Processing sample location A1
2020/02/27 03:48:51	Sample completed location A1
2020/02/27 03:48:51	Waiting for ejection start location A5
2020/02/27 03:48:51	Ejecting sensor location A5
2020/02/27 03:49:16	Ejecting completed location A5
2020/02/27 03:49:16	Experiment finished
2020/02/27 03:49:17	Ready
