2020/03/06 01:41:11	Instrument is busy
2020/03/06 01:41:12	Instrument is finished
2020/03/06 01:41:12	Ready
2020/03/06 01:42:13	Experiment started
2020/03/06 01:42:13	Starting new step
2020/03/06 01:42:13	Plate 1 temperature = 24 C
2020/03/06 01:42:13	Waiting to pick up sensor location A1
2020/03/06 01:42:13	Picking sensors location A1
2020/03/06 01:42:21	Checking sensors location A1
2020/03/06 01:42:23	Sensor 1: Integration Time = 1.5 ms
2020/03/06 01:42:23	Sensor 2: Integration Time = 2.1 ms
2020/03/06 01:42:23	Sensor 3: Integration Time = 2.7 ms
2020/03/06 01:42:23	Sensor 4: Integration Time = 2.1 ms
2020/03/06 01:42:23	Sensor 5: Integration Time = 2.3 ms
2020/03/06 01:42:23	Sensor 6: Integration Time = 2.1 ms
2020/03/06 01:42:23	Sensor 7: Integration Time = 2.1 ms
2020/03/06 01:42:23	Sensor 8: Integration Time = 1.5 ms
2020/03/06 01:42:30	Picking sensors completed location A1
2020/03/06 01:42:30	Plate 1 temperature = 25 C
2020/03/06 01:42:30	Ready to move to sample location A1
2020/03/06 01:42:31	Moving to sample location A1
2020/03/06 01:42:35	Arrived at sample location A1
2020/03/06 01:42:35	Waiting to start sample location A1
2020/03/06 01:42:35	Processing sample location A1
2020/03/06 01:43:34	Sample completed location A1
2020/03/06 01:43:35	Waiting to start new step
2020/03/06 01:43:35	Starting new step
2020/03/06 01:43:35	Ready to move to sample location A11
2020/03/06 01:43:35	Moving to sample location A11
2020/03/06 01:43:44	Arrived at sample location A11
2020/03/06 01:43:44	Waiting to start sample location A11
2020/03/06 01:43:44	Processing sample location A11
2020/03/06 01:43:48	Sample completed location A11
2020/03/06 01:43:49	Waiting to start new step
2020/03/06 01:43:49	Starting new step
2020/03/06 01:43:49	Ready to move to sample location A12
2020/03/06 01:43:50	Moving to sample location A12
2020/03/06 01:43:59	Arrived at sample location A12
2020/03/06 01:43:59	Waiting to start sample location A12
2020/03/06 01:44:00	Processing sample location A12
2020/03/06 01:44:04	Sample completed location A12
2020/03/06 01:44:05	Waiting to start new step
2020/03/06 01:44:05	Starting new step
2020/03/06 01:44:05	Ready to move to sample location A11
2020/03/06 01:44:05	Moving to sample location A11
2020/03/06 01:44:15	Arrived at sample location A11
2020/03/06 01:44:16	Waiting to start sample location A11
2020/03/06 01:44:16	Processing sample location A11
2020/03/06 01:44:20	Sample completed location A11
2020/03/06 01:44:20	Waiting to start new step
2020/03/06 01:44:21	Starting new step
2020/03/06 01:44:21	Ready to move to sample location A12
2020/03/06 01:44:21	Moving to sample location A12
2020/03/06 01:44:31	Arrived at sample location A12
2020/03/06 01:44:31	Waiting to start sample location A12
2020/03/06 01:44:31	Processing sample location A12
2020/03/06 01:44:36	Sample completed location A12
2020/03/06 01:44:36	Waiting to start new step
2020/03/06 01:44:37	Starting new step
2020/03/06 01:44:37	Ready to move to sample location A11
2020/03/06 01:44:37	Moving to sample location A11
2020/03/06 01:44:47	Arrived at sample location A11
2020/03/06 01:44:47	Waiting to start sample location A11
2020/03/06 01:44:47	Processing sample location A11
2020/03/06 01:44:52	Sample completed location A11
2020/03/06 01:44:52	Waiting to start new step
2020/03/06 01:44:52	Starting new step
2020/03/06 01:44:52	Ready to move to sample location A12
2020/03/06 01:44:53	Moving to sample location A12
2020/03/06 01:45:03	Arrived at sample location A12
2020/03/06 01:45:03	Waiting to start sample location A12
2020/03/06 01:45:03	Processing sample location A12
2020/03/06 01:45:07	Sample completed location A12
2020/03/06 01:45:08	Waiting to start new step
2020/03/06 01:45:08	Starting new step
2020/03/06 01:45:08	Ready to move to sample location A1
2020/03/06 01:45:08	Moving to sample location A1
2020/03/06 01:45:17	Arrived at sample location A1
2020/03/06 01:45:17	Waiting to start sample location A1
2020/03/06 01:45:17	Processing sample location A1
2020/03/06 01:50:17	Sample completed location A1
2020/03/06 01:50:17	Waiting to start new step
2020/03/06 01:50:18	Starting new step
2020/03/06 01:50:18	Ready to move to sample location A8
2020/03/06 01:50:18	Moving to sample location A8
2020/03/06 01:50:25	Arrived at sample location A8
2020/03/06 01:50:25	Waiting to start sample location A8
2020/03/06 01:50:25	Processing sample location A8
2020/03/06 01:55:25	Sample completed location A8
2020/03/06 01:55:25	Waiting to start new step
2020/03/06 01:55:25	Starting new step
2020/03/06 01:55:26	Ready to move to sample location A9
2020/03/06 01:55:26	Moving to sample location A9
2020/03/06 01:55:34	Arrived at sample location A9
2020/03/06 01:55:34	Waiting to start sample location A9
2020/03/06 01:55:34	Processing sample location A9
2020/03/06 02:15:34	Sample completed location A9
2020/03/06 02:15:34	Waiting to start new step
2020/03/06 02:15:34	Starting new step
2020/03/06 02:15:35	Ready to move to sample location A10
2020/03/06 02:15:35	Moving to sample location A10
2020/03/06 02:15:44	Arrived at sample location A10
2020/03/06 02:15:44	Waiting to start sample location A10
2020/03/06 02:15:44	Processing sample location A10
2020/03/06 02:30:43	Sample completed location A10
2020/03/06 02:30:44	Waiting to start new step
2020/03/06 02:30:44	Starting new step
2020/03/06 02:30:44	Ready to move to sample location A11
2020/03/06 02:30:44	Moving to sample location A11
2020/03/06 02:30:54	Arrived at sample location A11
2020/03/06 02:30:54	Waiting to start sample location A11
2020/03/06 02:30:54	Processing sample location A11
2020/03/06 02:30:59	Sample completed location A11
2020/03/06 02:30:59	Waiting to start new step
2020/03/06 02:31:00	Starting new step
2020/03/06 02:31:00	Ready to move to sample location A12
2020/03/06 02:31:00	Moving to sample location A12
2020/03/06 02:31:10	Arrived at sample location A12
2020/03/06 02:31:10	Waiting to start sample location A12
2020/03/06 02:31:10	Processing sample location A12
2020/03/06 02:31:15	Sample completed location A12
2020/03/06 02:31:15	Waiting to start new step
2020/03/06 02:31:15	Starting new step
2020/03/06 02:31:16	Ready to move to sample location A11
2020/03/06 02:31:16	Moving to sample location A11
2020/03/06 02:31:26	Arrived at sample location A11
2020/03/06 02:31:26	Waiting to start sample location A11
2020/03/06 02:31:26	Processing sample location A11
2020/03/06 02:31:30	Sample completed location A11
2020/03/06 02:31:31	Waiting to start new step
2020/03/06 02:31:31	Starting new step
2020/03/06 02:31:32	Ready to move to sample location A12
2020/03/06 02:31:32	Moving to sample location A12
2020/03/06 02:31:41	Arrived at sample location A12
2020/03/06 02:31:42	Waiting to start sample location A12
2020/03/06 02:31:42	Processing sample location A12
2020/03/06 02:31:46	Sample completed location A12
2020/03/06 02:31:47	Waiting to start new step
2020/03/06 02:31:47	Starting new step
2020/03/06 02:31:47	Ready to move to sample location A11
2020/03/06 02:31:47	Moving to sample location A11
2020/03/06 02:31:58	Arrived at sample location A11
2020/03/06 02:31:58	Waiting to start sample location A11
2020/03/06 02:31:58	Processing sample location A11
2020/03/06 02:32:02	Sample completed location A11
2020/03/06 02:32:02	Waiting to start new step
2020/03/06 02:32:03	Starting new step
2020/03/06 02:32:03	Ready to move to sample location A12
2020/03/06 02:32:03	Moving to sample location A12
2020/03/06 02:32:13	Arrived at sample location A12
2020/03/06 02:32:13	Waiting to start sample location A12
2020/03/06 02:32:13	Processing sample location A12
2020/03/06 02:32:18	Sample completed location A12
2020/03/06 02:32:18	Waiting to start new step
2020/03/06 02:32:19	Starting new step
2020/03/06 02:32:19	Ready to move to sample location A1
2020/03/06 02:32:19	Moving to sample location A1
2020/03/06 02:32:28	Arrived at sample location A1
2020/03/06 02:32:28	Waiting to start sample location A1
2020/03/06 02:32:28	Processing sample location A1
2020/03/06 02:33:46	Sample completed location A1
2020/03/06 02:33:46	Waiting for ejection start location A1
2020/03/06 02:33:47	Ejecting sensor location A1
2020/03/06 02:34:12	Ejecting completed location A1
2020/03/06 02:34:12	Experiment finished
2020/03/06 02:34:12	Ready
