2020/03/03 22:58:40	Instrument is busy
2020/03/03 22:58:41	Instrument is finished
2020/03/03 22:58:41	Ready
2020/03/03 22:58:42	Experiment started
2020/03/03 22:58:42	Starting new step
2020/03/03 22:58:42	Plate 1 temperature = 25 C
2020/03/03 22:58:42	Waiting to pick up sensor location A5
2020/03/03 22:58:42	Picking sensors location A5
2020/03/03 22:58:51	Checking sensors location A5
2020/03/03 22:58:52	Sensor 1: Integration Time = 2.2 ms
2020/03/03 22:58:52	Sensor 2: Integration Time = 2.1 ms
2020/03/03 22:58:52	Sensor 3: Integration Time = 2.5 ms
2020/03/03 22:58:52	Sensor 4: Integration Time = 2.0 ms
2020/03/03 22:58:52	Sensor 5: Integration Time = 2.4 ms
2020/03/03 22:58:52	Sensor 6: Integration Time = 2.1 ms
2020/03/03 22:58:52	Sensor 7: Integration Time = 2.0 ms
2020/03/03 22:58:52	Sensor 8: Integration Time = 2.2 ms
2020/03/03 22:58:59	Picking sensors completed location A5
2020/03/03 22:58:59	Ready to move to sample location A1
2020/03/03 22:58:59	Plate 1 temperature = 25 C
2020/03/03 22:58:59	Moving to sample location A1
2020/03/03 22:59:04	Arrived at sample location A1
2020/03/03 22:59:04	Waiting to start sample location A1
2020/03/03 22:59:04	Processing sample location A1
2020/03/03 23:00:03	Sample completed location A1
2020/03/03 23:00:04	Waiting to start new step
2020/03/03 23:00:04	Starting new step
2020/03/03 23:00:04	Ready to move to sample location A11
2020/03/03 23:00:05	Moving to sample location A11
2020/03/03 23:00:13	Arrived at sample location A11
2020/03/03 23:00:13	Waiting to start sample location A11
2020/03/03 23:00:13	Processing sample location A11
2020/03/03 23:00:17	Sample completed location A11
2020/03/03 23:00:18	Waiting to start new step
2020/03/03 23:00:18	Starting new step
2020/03/03 23:00:18	Ready to move to sample location A12
2020/03/03 23:00:18	Moving to sample location A12
2020/03/03 23:00:28	Arrived at sample location A12
2020/03/03 23:00:29	Waiting to start sample location A12
2020/03/03 23:00:29	Processing sample location A12
2020/03/03 23:00:33	Sample completed location A12
2020/03/03 23:00:33	Waiting to start new step
2020/03/03 23:00:34	Starting new step
2020/03/03 23:00:34	Ready to move to sample location A11
2020/03/03 23:00:34	Moving to sample location A11
2020/03/03 23:00:44	Arrived at sample location A11
2020/03/03 23:00:44	Waiting to start sample location A11
2020/03/03 23:00:44	Processing sample location A11
2020/03/03 23:00:49	Sample completed location A11
2020/03/03 23:00:49	Waiting to start new step
2020/03/03 23:00:50	Starting new step
2020/03/03 23:00:50	Ready to move to sample location A12
2020/03/03 23:00:50	Moving to sample location A12
2020/03/03 23:01:00	Arrived at sample location A12
2020/03/03 23:01:00	Waiting to start sample location A12
2020/03/03 23:01:00	Processing sample location A12
2020/03/03 23:01:05	Sample completed location A12
2020/03/03 23:01:05	Waiting to start new step
2020/03/03 23:01:05	Starting new step
2020/03/03 23:01:06	Ready to move to sample location A11
2020/03/03 23:01:06	Moving to sample location A11
2020/03/03 23:01:16	Arrived at sample location A11
2020/03/03 23:01:16	Waiting to start sample location A11
2020/03/03 23:01:16	Processing sample location A11
2020/03/03 23:01:21	Sample completed location A11
2020/03/03 23:01:21	Waiting to start new step
2020/03/03 23:01:21	Starting new step
2020/03/03 23:01:22	Ready to move to sample location A12
2020/03/03 23:01:22	Moving to sample location A12
2020/03/03 23:01:32	Arrived at sample location A12
2020/03/03 23:01:32	Waiting to start sample location A12
2020/03/03 23:01:32	Processing sample location A12
2020/03/03 23:01:36	Sample completed location A12
2020/03/03 23:01:37	Waiting to start new step
2020/03/03 23:01:37	Starting new step
2020/03/03 23:01:37	Ready to move to sample location A1
2020/03/03 23:01:37	Moving to sample location A1
2020/03/03 23:01:46	Arrived at sample location A1
2020/03/03 23:01:46	Waiting to start sample location A1
2020/03/03 23:01:46	Processing sample location A1
2020/03/03 23:02:46	Sample completed location A1
2020/03/03 23:02:46	Waiting to start new step
2020/03/03 23:02:47	Starting new step
2020/03/03 23:02:47	Ready to move to sample location A2
2020/03/03 23:02:47	Moving to sample location A2
2020/03/03 23:02:51	Arrived at sample location A2
2020/03/03 23:02:51	Waiting to start sample location A2
2020/03/03 23:02:51	Processing sample location A2
2020/03/03 23:07:51	Sample completed location A2
2020/03/03 23:07:51	Waiting to start new step
2020/03/03 23:07:52	Starting new step
2020/03/03 23:07:52	Ready to move to sample location A3
2020/03/03 23:07:52	Moving to sample location A3
2020/03/03 23:07:57	Arrived at sample location A3
2020/03/03 23:07:57	Waiting to start sample location A3
2020/03/03 23:07:57	Processing sample location A3
2020/03/03 23:27:57	Sample completed location A3
2020/03/03 23:27:57	Waiting to start new step
2020/03/03 23:27:57	Starting new step
2020/03/03 23:27:58	Ready to move to sample location A4
2020/03/03 23:27:58	Moving to sample location A4
2020/03/03 23:28:03	Arrived at sample location A4
2020/03/03 23:28:03	Waiting to start sample location A4
2020/03/03 23:28:04	Processing sample location A4
2020/03/03 23:43:03	Sample completed location A4
2020/03/03 23:43:03	Waiting to start new step
2020/03/03 23:43:04	Starting new step
2020/03/03 23:43:04	Ready to move to sample location A11
2020/03/03 23:43:05	Moving to sample location A11
2020/03/03 23:43:13	Arrived at sample location A11
2020/03/03 23:43:13	Waiting to start sample location A11
2020/03/03 23:43:13	Processing sample location A11
2020/03/03 23:43:17	Sample completed location A11
2020/03/03 23:43:18	Waiting to start new step
2020/03/03 23:43:18	Starting new step
2020/03/03 23:43:19	Ready to move to sample location A12
2020/03/03 23:43:19	Moving to sample location A12
2020/03/03 23:43:29	Arrived at sample location A12
2020/03/03 23:43:29	Waiting to start sample location A12
2020/03/03 23:43:29	Processing sample location A12
2020/03/03 23:43:33	Sample completed location A12
2020/03/03 23:43:34	Waiting to start new step
2020/03/03 23:43:34	Starting new step
2020/03/03 23:43:34	Ready to move to sample location A11
2020/03/03 23:43:34	Moving to sample location A11
2020/03/03 23:43:44	Arrived at sample location A11
2020/03/03 23:43:45	Waiting to start sample location A11
2020/03/03 23:43:45	Processing sample location A11
2020/03/03 23:43:49	Sample completed location A11
2020/03/03 23:43:49	Waiting to start new step
2020/03/03 23:43:50	Starting new step
2020/03/03 23:43:50	Ready to move to sample location A12
2020/03/03 23:43:50	Moving to sample location A12
2020/03/03 23:44:00	Arrived at sample location A12
2020/03/03 23:44:00	Waiting to start sample location A12
2020/03/03 23:44:00	Processing sample location A12
2020/03/03 23:44:05	Sample completed location A12
2020/03/03 23:44:05	Waiting to start new step
2020/03/03 23:44:06	Starting new step
2020/03/03 23:44:06	Ready to move to sample location A11
2020/03/03 23:44:06	Moving to sample location A11
2020/03/03 23:44:16	Arrived at sample location A11
2020/03/03 23:44:16	Waiting to start sample location A11
2020/03/03 23:44:16	Processing sample location A11
2020/03/03 23:44:21	Sample completed location A11
2020/03/03 23:44:21	Waiting to start new step
2020/03/03 23:44:21	Starting new step
2020/03/03 23:44:21	Ready to move to sample location A12
2020/03/03 23:44:22	Moving to sample location A12
2020/03/03 23:44:32	Arrived at sample location A12
2020/03/03 23:44:32	Waiting to start sample location A12
2020/03/03 23:44:32	Processing sample location A12
2020/03/03 23:44:36	Sample completed location A12
2020/03/03 23:44:37	Waiting to start new step
2020/03/03 23:44:37	Starting new step
2020/03/03 23:44:38	Ready to move to sample location A1
2020/03/03 23:44:38	Moving to sample location A1
2020/03/03 23:44:46	Arrived at sample location A1
2020/03/03 23:44:46	Waiting to start sample location A1
2020/03/03 23:44:46	Processing sample location A1
2020/03/03 23:45:46	Sample completed location A1
2020/03/03 23:45:46	Waiting for ejection start location A5
2020/03/03 23:45:46	Ejecting sensor location A5
2020/03/03 23:46:12	Ejecting completed location A5
2020/03/03 23:46:12	Experiment finished
2020/03/03 23:46:12	Ready
